  [1m[35m (20.9ms)[0m  [1m[35mCREATE DATABASE `Todo_APP_development` DEFAULT CHARACTER SET `utf8mb4`[0m
  [1m[35m (10.4ms)[0m  [1m[35mCREATE DATABASE `Todo_APP_test` DEFAULT CHARACTER SET `utf8mb4`[0m
Started GET "/" for 127.0.0.1 at 2022-08-10 08:37:04 +0530
Processing by Rails::WelcomeController#index as HTML
  Rendering /usr/share/rvm/gems/ruby-3.1.1/gems/railties-7.0.3.1/lib/rails/templates/rails/welcome/index.html.erb
  Rendered /usr/share/rvm/gems/ruby-3.1.1/gems/railties-7.0.3.1/lib/rails/templates/rails/welcome/index.html.erb (Duration: 2.8ms | Allocations: 658)
Completed 200 OK in 20ms (Views: 7.9ms | ActiveRecord: 0.0ms | Allocations: 5119)


  [1m[35m (30.7ms)[0m  [1m[35mCREATE TABLE `schema_migrations` (`version` varchar(255) NOT NULL PRIMARY KEY)[0m
  [1m[35m (27.0ms)[0m  [1m[35mCREATE TABLE `ar_internal_metadata` (`key` varchar(255) NOT NULL PRIMARY KEY, `value` varchar(255), `created_at` datetime(6) NOT NULL, `updated_at` datetime(6) NOT NULL)[0m
  [1m[35m (0.1ms)[0m  [1m[34mSELECT GET_LOCK('951405288115990260', 0)[0m
  [1m[36mActiveRecord::SchemaMigration Pluck (4.2ms)[0m  [1m[34mSELECT `schema_migrations`.`version` FROM `schema_migrations` ORDER BY `schema_migrations`.`version` ASC[0m
Migrating to CreateTasks (20220810030726)
  [1m[35m (29.4ms)[0m  [1m[35mCREATE TABLE `tasks` (`id` bigint NOT NULL AUTO_INCREMENT PRIMARY KEY, `name` varchar(255), `status` int, `created_at` datetime(6) NOT NULL, `updated_at` datetime(6) NOT NULL)[0m
  [1m[36mTRANSACTION (0.1ms)[0m  [1m[35mBEGIN[0m
  [1m[36mActiveRecord::SchemaMigration Create (0.9ms)[0m  [1m[32mINSERT INTO `schema_migrations` (`version`) VALUES ('20220810030726')[0m
  [1m[36mTRANSACTION (4.1ms)[0m  [1m[35mCOMMIT[0m
  [1m[36mActiveRecord::InternalMetadata Load (0.6ms)[0m  [1m[34mSELECT `ar_internal_metadata`.* FROM `ar_internal_metadata` WHERE `ar_internal_metadata`.`key` = 'environment' LIMIT 1[0m
  [1m[36mTRANSACTION (0.1ms)[0m  [1m[35mBEGIN[0m
  [1m[36mActiveRecord::InternalMetadata Create (0.2ms)[0m  [1m[32mINSERT INTO `ar_internal_metadata` (`key`, `value`, `created_at`, `updated_at`) VALUES ('environment', 'development', '2022-08-10 03:07:46.145882', '2022-08-10 03:07:46.145882')[0m
  [1m[36mTRANSACTION (3.4ms)[0m  [1m[35mCOMMIT[0m
  [1m[35m (0.2ms)[0m  [1m[34mSELECT RELEASE_LOCK('951405288115990260')[0m
  [1m[36mActiveRecord::SchemaMigration Pluck (0.2ms)[0m  [1m[34mSELECT `schema_migrations`.`version` FROM `schema_migrations` ORDER BY `schema_migrations`.`version` ASC[0m
Started GET "/" for 127.0.0.1 at 2022-08-10 08:38:14 +0530
  [1m[36mActiveRecord::SchemaMigration Pluck (0.3ms)[0m  [1m[34mSELECT `schema_migrations`.`version` FROM `schema_migrations` ORDER BY `schema_migrations`.`version` ASC[0m
Processing by TasksController#index as HTML
  Rendering layout layouts/application.html.erb
  Rendering tasks/index.html.slim within layouts/application
  [1m[36mTask Load (0.3ms)[0m  [1m[34mSELECT `tasks`.* FROM `tasks`[0m
  ↳ app/views/tasks/index.html.slim:6
  Rendered tasks/index.html.slim within layouts/application (Duration: 19.2ms | Allocations: 12459)
  Rendered layout layouts/application.html.erb (Duration: 382.9ms | Allocations: 161769)
Completed 200 OK in 388ms (Views: 383.9ms | ActiveRecord: 0.3ms | Allocations: 163612)


Started GET "/tasks/new" for 127.0.0.1 at 2022-08-10 08:38:18 +0530
Processing by TasksController#new as HTML
  Rendering layout layouts/application.html.erb
  Rendering tasks/new.html.slim within layouts/application
  Rendered tasks/_form.html.slim (Duration: 989.4ms | Allocations: 953788)
  Rendered tasks/new.html.slim within layouts/application (Duration: 997.8ms | Allocations: 956312)
  Rendered layout layouts/application.html.erb (Duration: 1030.4ms | Allocations: 964754)
Completed 200 OK in 1054ms (Views: 1032.6ms | ActiveRecord: 8.9ms | Allocations: 968778)


Started GET "/tasks" for 127.0.0.1 at 2022-08-10 08:38:44 +0530
Processing by TasksController#index as HTML
  Rendering layout layouts/application.html.erb
  Rendering tasks/index.html.slim within layouts/application
  [1m[36mTask Load (0.6ms)[0m  [1m[34mSELECT `tasks`.* FROM `tasks`[0m
  ↳ app/views/tasks/index.html.slim:6
  Rendered tasks/index.html.slim within layouts/application (Duration: 7.1ms | Allocations: 961)
  Rendered layout layouts/application.html.erb (Duration: 44.5ms | Allocations: 9230)
Completed 200 OK in 51ms (Views: 45.9ms | ActiveRecord: 0.6ms | Allocations: 9554)


Started GET "/tasks" for 127.0.0.1 at 2022-08-10 08:58:33 +0530
Processing by TasksController#index as HTML
  Rendering layout layouts/application.html.erb
  Rendering tasks/index.html.slim within layouts/application
  [1m[36mTask Load (0.3ms)[0m  [1m[34mSELECT `tasks`.* FROM `tasks`[0m
  ↳ app/views/tasks/index.html.slim:6
  Rendered tasks/index.html.slim within layouts/application (Duration: 8.3ms | Allocations: 4415)
  Rendered layout layouts/application.html.erb (Duration: 41.2ms | Allocations: 30227)
Completed 200 OK in 46ms (Views: 42.9ms | ActiveRecord: 0.7ms | Allocations: 32043)


Started GET "/tasks/new" for 127.0.0.1 at 2022-08-10 08:58:35 +0530
Processing by TasksController#new as HTML
  Rendering layout layouts/application.html.erb
  Rendering tasks/new.html.slim within layouts/application
  Rendered tasks/_form.html.slim (Duration: 6.8ms | Allocations: 5430)
  Rendered tasks/new.html.slim within layouts/application (Duration: 13.6ms | Allocations: 7858)
  Rendered layout layouts/application.html.erb (Duration: 23.3ms | Allocations: 16127)
Completed 200 OK in 28ms (Views: 24.3ms | ActiveRecord: 0.0ms | Allocations: 17536)


Started POST "/tasks" for 127.0.0.1 at 2022-08-10 08:58:44 +0530
Processing by TasksController#create as TURBO_STREAM
  Parameters: {"authenticity_token"=>"[FILTERED]", "task"=>{"name"=>"aa", "status"=>"1"}, "commit"=>"Create Task"}
  [1m[36mTRANSACTION (0.2ms)[0m  [1m[35mBEGIN[0m
  ↳ app/controllers/tasks_controller.rb:39:in `block in create'
  [1m[36mTask Create (0.3ms)[0m  [1m[32mINSERT INTO `tasks` (`name`, `status`, `created_at`, `updated_at`) VALUES ('aa', 1, '2022-08-10 03:28:44.408411', '2022-08-10 03:28:44.408411')[0m
  ↳ app/controllers/tasks_controller.rb:39:in `block in create'
  [1m[36mTRANSACTION (5.6ms)[0m  [1m[35mCOMMIT[0m
  ↳ app/controllers/tasks_controller.rb:39:in `block in create'
  Rendered tasks/_task.html.slim (Duration: 2.3ms | Allocations: 2105)
Completed 200 OK in 17ms (Views: 0.1ms | ActiveRecord: 6.1ms | Allocations: 6889)


Started POST "/tasks" for 127.0.0.1 at 2022-08-10 08:58:45 +0530
Processing by TasksController#create as TURBO_STREAM
  Parameters: {"authenticity_token"=>"[FILTERED]", "task"=>{"name"=>"aa", "status"=>"1"}, "commit"=>"Create Task"}
  [1m[36mTRANSACTION (0.3ms)[0m  [1m[35mBEGIN[0m
  ↳ app/controllers/tasks_controller.rb:39:in `block in create'
  [1m[36mTask Create (0.6ms)[0m  [1m[32mINSERT INTO `tasks` (`name`, `status`, `created_at`, `updated_at`) VALUES ('aa', 1, '2022-08-10 03:28:45.168736', '2022-08-10 03:28:45.168736')[0m
  ↳ app/controllers/tasks_controller.rb:39:in `block in create'
  [1m[36mTRANSACTION (4.4ms)[0m  [1m[35mCOMMIT[0m
  ↳ app/controllers/tasks_controller.rb:39:in `block in create'
  Rendered tasks/_task.html.slim (Duration: 0.2ms | Allocations: 111)
Completed 200 OK in 15ms (Views: 0.1ms | ActiveRecord: 5.3ms | Allocations: 2776)


Started POST "/tasks" for 127.0.0.1 at 2022-08-10 08:58:48 +0530
Processing by TasksController#create as TURBO_STREAM
  Parameters: {"authenticity_token"=>"[FILTERED]", "task"=>{"name"=>"aa", "status"=>"1"}, "commit"=>"Create Task"}
  [1m[36mTRANSACTION (0.3ms)[0m  [1m[35mBEGIN[0m
  ↳ app/controllers/tasks_controller.rb:39:in `block in create'
  [1m[36mTask Create (0.6ms)[0m  [1m[32mINSERT INTO `tasks` (`name`, `status`, `created_at`, `updated_at`) VALUES ('aa', 1, '2022-08-10 03:28:48.972432', '2022-08-10 03:28:48.972432')[0m
  ↳ app/controllers/tasks_controller.rb:39:in `block in create'
  [1m[36mTRANSACTION (6.4ms)[0m  [1m[35mCOMMIT[0m
  ↳ app/controllers/tasks_controller.rb:39:in `block in create'
  Rendered tasks/_task.html.slim (Duration: 0.4ms | Allocations: 111)
Completed 200 OK in 17ms (Views: 0.2ms | ActiveRecord: 7.2ms | Allocations: 2585)


Started GET "/tasks" for 127.0.0.1 at 2022-08-10 08:59:00 +0530
Processing by TasksController#index as HTML
  Rendering layout layouts/application.html.erb
  Rendering tasks/index.html.slim within layouts/application
  [1m[36mTask Load (0.5ms)[0m  [1m[34mSELECT `tasks`.* FROM `tasks`[0m
  ↳ app/views/tasks/index.html.slim:6
  Rendered tasks/_task.html.slim (Duration: 0.4ms | Allocations: 113)
  Rendered tasks/_task.html.slim (Duration: 0.4ms | Allocations: 100)
  Rendered tasks/_task.html.slim (Duration: 0.4ms | Allocations: 100)
  Rendered tasks/index.html.slim within layouts/application (Duration: 6.2ms | Allocations: 1692)
  Rendered layout layouts/application.html.erb (Duration: 20.1ms | Allocations: 10062)
Completed 200 OK in 22ms (Views: 20.5ms | ActiveRecord: 0.5ms | Allocations: 10352)


Started GET "/tasks/new" for 127.0.0.1 at 2022-08-10 08:59:03 +0530
Processing by TasksController#new as HTML
  Rendering layout layouts/application.html.erb
  Rendering tasks/new.html.slim within layouts/application
  Rendered tasks/_form.html.slim (Duration: 4.5ms | Allocations: 1171)
  Rendered tasks/new.html.slim within layouts/application (Duration: 5.9ms | Allocations: 1281)
  Rendered layout layouts/application.html.erb (Duration: 25.1ms | Allocations: 9549)
Completed 200 OK in 28ms (Views: 26.8ms | ActiveRecord: 0.0ms | Allocations: 9832)


Started POST "/tasks" for 127.0.0.1 at 2022-08-10 08:59:07 +0530
Processing by TasksController#create as TURBO_STREAM
  Parameters: {"authenticity_token"=>"[FILTERED]", "task"=>{"name"=>"aa", "status"=>""}, "commit"=>"Create Task"}
  [1m[36mTRANSACTION (0.4ms)[0m  [1m[35mBEGIN[0m
  ↳ app/controllers/tasks_controller.rb:39:in `block in create'
  [1m[36mTask Create (1.1ms)[0m  [1m[32mINSERT INTO `tasks` (`name`, `status`, `created_at`, `updated_at`) VALUES ('aa', NULL, '2022-08-10 03:29:07.613053', '2022-08-10 03:29:07.613053')[0m
  ↳ app/controllers/tasks_controller.rb:39:in `block in create'
  [1m[36mTRANSACTION (3.4ms)[0m  [1m[35mCOMMIT[0m
  ↳ app/controllers/tasks_controller.rb:39:in `block in create'
  Rendered tasks/_task.html.slim (Duration: 0.4ms | Allocations: 111)
Completed 200 OK in 18ms (Views: 0.2ms | ActiveRecord: 4.9ms | Allocations: 2554)


Started GET "/tasks" for 127.0.0.1 at 2022-08-10 08:59:08 +0530
Processing by TasksController#index as HTML
  Rendering layout layouts/application.html.erb
  Rendering tasks/index.html.slim within layouts/application
  [1m[36mTask Load (0.5ms)[0m  [1m[34mSELECT `tasks`.* FROM `tasks`[0m
  ↳ app/views/tasks/index.html.slim:6
  Rendered tasks/_task.html.slim (Duration: 0.9ms | Allocations: 111)
  Rendered tasks/_task.html.slim (Duration: 0.4ms | Allocations: 100)
  Rendered tasks/_task.html.slim (Duration: 0.4ms | Allocations: 100)
  Rendered tasks/_task.html.slim (Duration: 2.2ms | Allocations: 100)
  Rendered tasks/index.html.slim within layouts/application (Duration: 10.5ms | Allocations: 1789)
  Rendered layout layouts/application.html.erb (Duration: 23.8ms | Allocations: 10057)
Completed 200 OK in 26ms (Views: 24.4ms | ActiveRecord: 0.5ms | Allocations: 10337)


Started GET "/tasks/3/edit" for 127.0.0.1 at 2022-08-10 08:59:15 +0530
Processing by TasksController#edit as HTML
  Parameters: {"id"=>"3"}
  [1m[36mTask Load (0.5ms)[0m  [1m[34mSELECT `tasks`.* FROM `tasks` WHERE `tasks`.`id` = 3 LIMIT 1[0m
  ↳ app/controllers/tasks_controller.rb:84:in `set_task'
  Rendering tasks/edit.html.slim
  Rendered tasks/_form.html.slim (Duration: 3.6ms | Allocations: 1382)
  Rendered tasks/edit.html.slim (Duration: 10.4ms | Allocations: 3160)
Completed 200 OK in 30ms (Views: 11.1ms | ActiveRecord: 0.5ms | Allocations: 11499)


Started PATCH "/tasks/3" for 127.0.0.1 at 2022-08-10 08:59:18 +0530
Processing by TasksController#update as TURBO_STREAM
  Parameters: {"authenticity_token"=>"[FILTERED]", "task"=>{"name"=>"aa", "status"=>"1"}, "commit"=>"Update Task", "id"=>"3"}
  [1m[36mTask Load (0.6ms)[0m  [1m[34mSELECT `tasks`.* FROM `tasks` WHERE `tasks`.`id` = 3 LIMIT 1[0m
  ↳ app/controllers/tasks_controller.rb:84:in `set_task'
Redirected to http://127.0.0.1:3000/tasks
Completed 302 Found in 9ms (ActiveRecord: 0.6ms | Allocations: 1410)


Started GET "/tasks" for 127.0.0.1 at 2022-08-10 08:59:18 +0530
Processing by TasksController#index as TURBO_STREAM
  Rendering tasks/index.html.slim
  [1m[36mTask Load (0.5ms)[0m  [1m[34mSELECT `tasks`.* FROM `tasks`[0m
  ↳ app/views/tasks/index.html.slim:6
  Rendered tasks/_task.html.slim (Duration: 0.5ms | Allocations: 115)
  Rendered tasks/_task.html.slim (Duration: 0.3ms | Allocations: 100)
  Rendered tasks/_task.html.slim (Duration: 0.3ms | Allocations: 100)
  Rendered tasks/_task.html.slim (Duration: 0.5ms | Allocations: 100)
  Rendered tasks/index.html.slim (Duration: 8.0ms | Allocations: 1871)
Completed 200 OK in 10ms (Views: 8.6ms | ActiveRecord: 0.5ms | Allocations: 2168)


Started GET "/tasks/3/edit" for 127.0.0.1 at 2022-08-10 08:59:19 +0530
Processing by TasksController#edit as HTML
  Parameters: {"id"=>"3"}
  [1m[36mTask Load (0.5ms)[0m  [1m[34mSELECT `tasks`.* FROM `tasks` WHERE `tasks`.`id` = 3 LIMIT 1[0m
  ↳ app/controllers/tasks_controller.rb:84:in `set_task'
  Rendering tasks/edit.html.slim
  Rendered tasks/_form.html.slim (Duration: 5.9ms | Allocations: 1163)
  Rendered tasks/edit.html.slim (Duration: 6.9ms | Allocations: 1294)
Completed 200 OK in 11ms (Views: 7.7ms | ActiveRecord: 0.5ms | Allocations: 2048)


Started PATCH "/tasks/3" for 127.0.0.1 at 2022-08-10 08:59:20 +0530
Processing by TasksController#update as TURBO_STREAM
  Parameters: {"authenticity_token"=>"[FILTERED]", "task"=>{"name"=>"aa", "status"=>"1"}, "commit"=>"Update Task", "id"=>"3"}
  [1m[36mTask Load (0.7ms)[0m  [1m[34mSELECT `tasks`.* FROM `tasks` WHERE `tasks`.`id` = 3 LIMIT 1[0m
  ↳ app/controllers/tasks_controller.rb:84:in `set_task'
Redirected to http://127.0.0.1:3000/tasks
Completed 302 Found in 9ms (ActiveRecord: 0.7ms | Allocations: 1164)


Started GET "/tasks" for 127.0.0.1 at 2022-08-10 08:59:21 +0530
Processing by TasksController#index as TURBO_STREAM
  Rendering tasks/index.html.slim
  [1m[36mTask Load (0.8ms)[0m  [1m[34mSELECT `tasks`.* FROM `tasks`[0m
  ↳ app/views/tasks/index.html.slim:6
  Rendered tasks/_task.html.slim (Duration: 0.6ms | Allocations: 111)
  Rendered tasks/_task.html.slim (Duration: 0.4ms | Allocations: 100)
  Rendered tasks/_task.html.slim (Duration: 0.5ms | Allocations: 100)
  Rendered tasks/_task.html.slim (Duration: 0.4ms | Allocations: 100)
  Rendered tasks/index.html.slim (Duration: 10.2ms | Allocations: 1822)
Completed 200 OK in 12ms (Views: 10.4ms | ActiveRecord: 0.8ms | Allocations: 2073)


Started GET "/tasks/4/edit" for 127.0.0.1 at 2022-08-10 08:59:22 +0530
Processing by TasksController#edit as HTML
  Parameters: {"id"=>"4"}
  [1m[36mTask Load (0.6ms)[0m  [1m[34mSELECT `tasks`.* FROM `tasks` WHERE `tasks`.`id` = 4 LIMIT 1[0m
  ↳ app/controllers/tasks_controller.rb:84:in `set_task'
  Rendering tasks/edit.html.slim
  Rendered tasks/_form.html.slim (Duration: 4.8ms | Allocations: 1151)
  Rendered tasks/edit.html.slim (Duration: 5.5ms | Allocations: 1282)
Completed 200 OK in 11ms (Views: 6.7ms | ActiveRecord: 0.6ms | Allocations: 2036)


Started PATCH "/tasks/4" for 127.0.0.1 at 2022-08-10 08:59:30 +0530
Processing by TasksController#update as TURBO_STREAM
  Parameters: {"authenticity_token"=>"[FILTERED]", "task"=>{"name"=>"aa", "status"=>"3"}, "commit"=>"Update Task", "id"=>"4"}
  [1m[36mTask Load (0.9ms)[0m  [1m[34mSELECT `tasks`.* FROM `tasks` WHERE `tasks`.`id` = 4 LIMIT 1[0m
  ↳ app/controllers/tasks_controller.rb:84:in `set_task'
  [1m[36mTRANSACTION (0.4ms)[0m  [1m[35mBEGIN[0m
  ↳ app/controllers/tasks_controller.rb:62:in `block in update'
  [1m[36mTask Update (0.9ms)[0m  [1m[33mUPDATE `tasks` SET `tasks`.`status` = 3, `tasks`.`updated_at` = '2022-08-10 03:29:30.367402' WHERE `tasks`.`id` = 4[0m
  ↳ app/controllers/tasks_controller.rb:62:in `block in update'
  [1m[36mTRANSACTION (4.7ms)[0m  [1m[35mCOMMIT[0m
  ↳ app/controllers/tasks_controller.rb:62:in `block in update'
Redirected to http://127.0.0.1:3000/tasks
Completed 302 Found in 26ms (ActiveRecord: 6.9ms | Allocations: 3115)


Started GET "/tasks" for 127.0.0.1 at 2022-08-10 08:59:30 +0530
Processing by TasksController#index as TURBO_STREAM
  Rendering tasks/index.html.slim
  [1m[36mTask Load (0.5ms)[0m  [1m[34mSELECT `tasks`.* FROM `tasks`[0m
  ↳ app/views/tasks/index.html.slim:6
  Rendered tasks/_task.html.slim (Duration: 0.6ms | Allocations: 111)
  Rendered tasks/_task.html.slim (Duration: 0.3ms | Allocations: 100)
  Rendered tasks/_task.html.slim (Duration: 0.3ms | Allocations: 100)
  Rendered tasks/_task.html.slim (Duration: 0.3ms | Allocations: 100)
  Rendered tasks/index.html.slim (Duration: 7.7ms | Allocations: 1820)
Completed 200 OK in 10ms (Views: 8.2ms | ActiveRecord: 0.5ms | Allocations: 2072)


Started GET "/tasks" for 127.0.0.1 at 2022-08-10 08:59:58 +0530
Processing by TasksController#index as HTML
  Rendering layout layouts/application.html.erb
  Rendering tasks/index.html.slim within layouts/application
  [1m[36mTask Load (0.6ms)[0m  [1m[34mSELECT `tasks`.* FROM `tasks`[0m
  ↳ app/views/tasks/index.html.slim:6
  Rendered tasks/_task.html.slim (Duration: 10.0ms | Allocations: 3753)
  Rendered tasks/_task.html.slim (Duration: 0.4ms | Allocations: 108)
  Rendered tasks/_task.html.slim (Duration: 0.3ms | Allocations: 108)
  Rendered tasks/_task.html.slim (Duration: 0.3ms | Allocations: 108)
  Rendered tasks/index.html.slim within layouts/application (Duration: 25.3ms | Allocations: 8830)
  Rendered layout layouts/application.html.erb (Duration: 48.8ms | Allocations: 17527)
Completed 200 OK in 56ms (Views: 53.0ms | ActiveRecord: 0.6ms | Allocations: 18385)


Started GET "/tasks/2" for 127.0.0.1 at 2022-08-10 09:00:06 +0530
Processing by TasksController#show as HTML
  Parameters: {"id"=>"2"}
  [1m[36mTask Load (0.4ms)[0m  [1m[34mSELECT `tasks`.* FROM `tasks` WHERE `tasks`.`id` = 2 LIMIT 1[0m
  ↳ app/controllers/tasks_controller.rb:84:in `set_task'
  Rendering layout layouts/application.html.erb
  Rendering tasks/show.html.slim within layouts/application
  Rendered tasks/_task.html.slim (Duration: 0.9ms | Allocations: 119)
  Rendered tasks/show.html.slim within layouts/application (Duration: 9.7ms | Allocations: 3465)
  Rendered layout layouts/application.html.erb (Duration: 24.3ms | Allocations: 11725)
Completed 200 OK in 28ms (Views: 25.2ms | ActiveRecord: 0.4ms | Allocations: 12627)


Started GET "/tasks" for 127.0.0.1 at 2022-08-10 09:17:00 +0530
Processing by TasksController#index as HTML
  Rendering layout layouts/application.html.erb
  Rendering tasks/index.html.slim within layouts/application
  Rendered tasks/index.html.slim within layouts/application (Duration: 18.9ms | Allocations: 12668)
  Rendered layout layouts/application.html.erb (Duration: 19.7ms | Allocations: 12774)
Completed 500 Internal Server Error in 23ms (Allocations: 13625)


  
ActionView::Template::Error (wrong number of arguments (given 1, expected 0)):
    1: - if notice.present?         p#notice.py-2.px-3.bg-green-50.mb-5.text-green-500.font-medium.rounded-lg.inline-block
    2:     = notice
    3: .to-do-container.mx-auto.w-1/2.bg-indigo-100.p-3.m-40
    4:   h2.text-3xl.text-gray-900.font-semibold
  
app/views/tasks/index.html.slim:1
Started GET "/tasks" for 127.0.0.1 at 2022-08-10 09:17:02 +0530
Processing by TasksController#index as HTML
  Rendering layout layouts/application.html.erb
  Rendering tasks/index.html.slim within layouts/application
  Rendered tasks/index.html.slim within layouts/application (Duration: 1.0ms | Allocations: 1270)
  Rendered layout layouts/application.html.erb (Duration: 1.6ms | Allocations: 1358)
Completed 500 Internal Server Error in 2ms (Allocations: 1647)


  
ActionView::Template::Error (wrong number of arguments (given 1, expected 0)):
    1: - if notice.present?         p#notice.py-2.px-3.bg-green-50.mb-5.text-green-500.font-medium.rounded-lg.inline-block
    2:     = notice
    3: .to-do-container.mx-auto.w-1/2.bg-indigo-100.p-3.m-40
    4:   h2.text-3xl.text-gray-900.font-semibold
  
app/views/tasks/index.html.slim:1
Started GET "/tasks" for 127.0.0.1 at 2022-08-10 09:33:37 +0530
Processing by TasksController#index as HTML
  Rendering layout layouts/application.html.erb
  Rendering tasks/index.html.slim within layouts/application
  Rendered tasks/index.html.slim within layouts/application (Duration: 1.9ms | Allocations: 1212)
  Rendered layout layouts/application.html.erb (Duration: 2.4ms | Allocations: 1300)
Completed 500 Internal Server Error in 3ms (Allocations: 1550)


  
ActionView::Template::Error (wrong number of arguments (given 1, expected 0)):
    1: - if notice.present?         p#notice.py-2.px-3.bg-green-50.mb-5.text-green-500.font-medium.rounded-lg.inline-block
    2:     = notice
    3: .to-do-container.mx-auto.w-1/2.bg-indigo-100.p-3.m-40
    4:   h2.text-3xl.text-gray-900.font-semibold
  
app/views/tasks/index.html.slim:1
Started GET "/tasks" for 127.0.0.1 at 2022-08-10 09:34:00 +0530
Processing by TasksController#index as HTML
  Rendering layout layouts/application.html.erb
  Rendering tasks/index.html.slim within layouts/application
  Rendered tasks/index.html.slim within layouts/application (Duration: 4.4ms | Allocations: 1212)
  Rendered layout layouts/application.html.erb (Duration: 4.8ms | Allocations: 1300)
Completed 500 Internal Server Error in 6ms (Allocations: 1550)


  
ActionView::Template::Error (wrong number of arguments (given 1, expected 0)):
    1: - if notice.present?         p#notice.py-2.px-3.bg-green-50.mb-5.text-green-500.font-medium.rounded-lg.inline-block
    2:     = notice
    3: .to-do-container.mx-auto.w-1/2.bg-indigo-100.p-3.m-40
    4:   h2.text-3xl.text-gray-900.font-semibold
  
app/views/tasks/index.html.slim:1
Started GET "/tasks" for 127.0.0.1 at 2022-08-10 09:34:01 +0530
Processing by TasksController#index as HTML
  Rendering layout layouts/application.html.erb
  Rendering tasks/index.html.slim within layouts/application
  Rendered tasks/index.html.slim within layouts/application (Duration: 1.2ms | Allocations: 1212)
  Rendered layout layouts/application.html.erb (Duration: 1.7ms | Allocations: 1300)
Completed 500 Internal Server Error in 10ms (Allocations: 1550)


  
ActionView::Template::Error (wrong number of arguments (given 1, expected 0)):
    1: - if notice.present?         p#notice.py-2.px-3.bg-green-50.mb-5.text-green-500.font-medium.rounded-lg.inline-block
    2:     = notice
    3: .to-do-container.mx-auto.w-1/2.bg-indigo-100.p-3.m-40
    4:   h2.text-3xl.text-gray-900.font-semibold
  
app/views/tasks/index.html.slim:1
Started GET "/tasks" for 127.0.0.1 at 2022-08-10 09:34:02 +0530
Processing by TasksController#index as HTML
  Rendering layout layouts/application.html.erb
  Rendering tasks/index.html.slim within layouts/application
  Rendered tasks/index.html.slim within layouts/application (Duration: 0.6ms | Allocations: 1213)
  Rendered layout layouts/application.html.erb (Duration: 1.1ms | Allocations: 1301)
Completed 500 Internal Server Error in 2ms (Allocations: 1551)


  
ActionView::Template::Error (wrong number of arguments (given 1, expected 0)):
    1: - if notice.present?         p#notice.py-2.px-3.bg-green-50.mb-5.text-green-500.font-medium.rounded-lg.inline-block
    2:     = notice
    3: .to-do-container.mx-auto.w-1/2.bg-indigo-100.p-3.m-40
    4:   h2.text-3xl.text-gray-900.font-semibold
  
app/views/tasks/index.html.slim:1
Started GET "/tasks" for 127.0.0.1 at 2022-08-10 09:34:02 +0530
Processing by TasksController#index as HTML
  Rendering layout layouts/application.html.erb
  Rendering tasks/index.html.slim within layouts/application
  Rendered tasks/index.html.slim within layouts/application (Duration: 0.6ms | Allocations: 1210)
  Rendered layout layouts/application.html.erb (Duration: 0.7ms | Allocations: 1298)
Completed 500 Internal Server Error in 2ms (Allocations: 1548)


  
ActionView::Template::Error (wrong number of arguments (given 1, expected 0)):
    1: - if notice.present?         p#notice.py-2.px-3.bg-green-50.mb-5.text-green-500.font-medium.rounded-lg.inline-block
    2:     = notice
    3: .to-do-container.mx-auto.w-1/2.bg-indigo-100.p-3.m-40
    4:   h2.text-3xl.text-gray-900.font-semibold
  
app/views/tasks/index.html.slim:1
Started GET "/tasks" for 127.0.0.1 at 2022-08-10 09:34:03 +0530
Processing by TasksController#index as HTML
  Rendering layout layouts/application.html.erb
  Rendering tasks/index.html.slim within layouts/application
  Rendered tasks/index.html.slim within layouts/application (Duration: 0.6ms | Allocations: 1210)
  Rendered layout layouts/application.html.erb (Duration: 0.7ms | Allocations: 1298)
Completed 500 Internal Server Error in 2ms (Allocations: 1548)


  
ActionView::Template::Error (wrong number of arguments (given 1, expected 0)):
    1: - if notice.present?         p#notice.py-2.px-3.bg-green-50.mb-5.text-green-500.font-medium.rounded-lg.inline-block
    2:     = notice
    3: .to-do-container.mx-auto.w-1/2.bg-indigo-100.p-3.m-40
    4:   h2.text-3xl.text-gray-900.font-semibold
  
app/views/tasks/index.html.slim:1
Started GET "/tasks" for 127.0.0.1 at 2022-08-10 09:34:03 +0530
Processing by TasksController#index as HTML
  Rendering layout layouts/application.html.erb
  Rendering tasks/index.html.slim within layouts/application
  Rendered tasks/index.html.slim within layouts/application (Duration: 0.6ms | Allocations: 1210)
  Rendered layout layouts/application.html.erb (Duration: 0.7ms | Allocations: 1298)
Completed 500 Internal Server Error in 1ms (Allocations: 1548)


  
ActionView::Template::Error (wrong number of arguments (given 1, expected 0)):
    1: - if notice.present?         p#notice.py-2.px-3.bg-green-50.mb-5.text-green-500.font-medium.rounded-lg.inline-block
    2:     = notice
    3: .to-do-container.mx-auto.w-1/2.bg-indigo-100.p-3.m-40
    4:   h2.text-3xl.text-gray-900.font-semibold
  
app/views/tasks/index.html.slim:1
Started GET "/tasks" for 127.0.0.1 at 2022-08-10 09:34:57 +0530
Processing by TasksController#index as HTML
  Rendering layout layouts/application.html.erb
  Rendering tasks/index.html.slim within layouts/application
  Rendered tasks/_form.html.slim (Duration: 16.6ms | Allocations: 6377)
  Rendered tasks/index.html.slim within layouts/application (Duration: 31.1ms | Allocations: 10825)
  Rendered layout layouts/application.html.erb (Duration: 31.8ms | Allocations: 10919)
Completed 500 Internal Server Error in 36ms (Allocations: 11747)


  
ActionView::Template::Error (undefined method `errors' for nil:NilClass

; if @task.errors.any?; 
          ^^^^^^^):
    1: = form_with(model: @task) do |form|
    2:   - if @task.errors.any?
    3:     div style="color: red"
    4:       h2 = "#{pluralize(@task.errors.count, "error")} prohibited this task from being saved:"
    5:       ul
  
app/views/tasks/_form.html.slim:2
app/views/tasks/_form.html.slim:1
app/views/tasks/index.html.slim:8
Started GET "/tasks" for 127.0.0.1 at 2022-08-10 09:36:10 +0530
Processing by TasksController#index as HTML
  Rendering layout layouts/application.html.erb
  Rendering tasks/index.html.slim within layouts/application
  Rendered tasks/_form.html.slim (Duration: 5.8ms | Allocations: 4573)
  [1m[36mTask Load (0.3ms)[0m  [1m[34mSELECT `tasks`.* FROM `tasks`[0m
  ↳ app/views/tasks/index.html.slim:10
  Rendered collection of tasks/_task.html.slim [4 times] (Duration: 4.3ms | Allocations: 4044)
  Rendered tasks/index.html.slim within layouts/application (Duration: 19.4ms | Allocations: 14172)
  Rendered layout layouts/application.html.erb (Duration: 35.5ms | Allocations: 24236)
Completed 200 OK in 37ms (Views: 36.8ms | ActiveRecord: 0.5ms | Allocations: 25106)


Started POST "/tasks" for 127.0.0.1 at 2022-08-10 09:36:20 +0530
Processing by TasksController#create as TURBO_STREAM
  Parameters: {"authenticity_token"=>"[FILTERED]", "task"=>{"name"=>""}, "commit"=>"Create Task"}
  Rendered tasks/_form.html.slim (Duration: 2.0ms | Allocations: 1290)
Completed 200 OK in 4ms (Views: 0.1ms | ActiveRecord: 0.0ms | Allocations: 2516)


Started POST "/tasks" for 127.0.0.1 at 2022-08-10 09:36:24 +0530
Processing by TasksController#create as TURBO_STREAM
  Parameters: {"authenticity_token"=>"[FILTERED]", "task"=>{"name"=>""}, "commit"=>"Create Task"}
  Rendered tasks/_form.html.slim (Duration: 2.6ms | Allocations: 1189)
Completed 200 OK in 5ms (Views: 0.1ms | ActiveRecord: 0.0ms | Allocations: 2307)


Started POST "/tasks" for 127.0.0.1 at 2022-08-10 09:36:33 +0530
Processing by TasksController#create as TURBO_STREAM
  Parameters: {"authenticity_token"=>"[FILTERED]", "task"=>{"name"=>"aa"}, "commit"=>"Create Task"}
  [1m[36mTRANSACTION (0.1ms)[0m  [1m[35mBEGIN[0m
  ↳ app/controllers/tasks_controller.rb:39:in `block in create'
  [1m[36mTask Create (0.3ms)[0m  [1m[32mINSERT INTO `tasks` (`name`, `status`, `created_at`, `updated_at`) VALUES ('aa', NULL, '2022-08-10 04:06:33.281679', '2022-08-10 04:06:33.281679')[0m
  ↳ app/controllers/tasks_controller.rb:39:in `block in create'
  [1m[36mTRANSACTION (4.5ms)[0m  [1m[35mCOMMIT[0m
  ↳ app/controllers/tasks_controller.rb:39:in `block in create'
  Rendered tasks/_task.html.slim (Duration: 3.4ms | Allocations: 3677)
Completed 200 OK in 14ms (Views: 0.1ms | ActiveRecord: 4.9ms | Allocations: 6697)


Started POST "/tasks" for 127.0.0.1 at 2022-08-10 09:36:41 +0530
Processing by TasksController#create as TURBO_STREAM
  Parameters: {"authenticity_token"=>"[FILTERED]", "task"=>{"name"=>"aa"}, "commit"=>"Create Task"}
  [1m[36mTRANSACTION (0.1ms)[0m  [1m[35mBEGIN[0m
  ↳ app/controllers/tasks_controller.rb:39:in `block in create'
  [1m[36mTask Create (0.3ms)[0m  [1m[32mINSERT INTO `tasks` (`name`, `status`, `created_at`, `updated_at`) VALUES ('aa', NULL, '2022-08-10 04:06:41.143148', '2022-08-10 04:06:41.143148')[0m
  ↳ app/controllers/tasks_controller.rb:39:in `block in create'
  [1m[36mTRANSACTION (4.0ms)[0m  [1m[35mCOMMIT[0m
  ↳ app/controllers/tasks_controller.rb:39:in `block in create'
  Rendered tasks/_task.html.slim (Duration: 0.3ms | Allocations: 119)
Completed 200 OK in 9ms (Views: 0.1ms | ActiveRecord: 4.5ms | Allocations: 2555)


Started GET "/tasks" for 127.0.0.1 at 2022-08-10 09:36:48 +0530
Processing by TasksController#index as HTML
  Rendering layout layouts/application.html.erb
  Rendering tasks/index.html.slim within layouts/application
  Rendered tasks/_form.html.slim (Duration: 1.3ms | Allocations: 517)
  [1m[36mTask Load (0.3ms)[0m  [1m[34mSELECT `tasks`.* FROM `tasks`[0m
  ↳ app/views/tasks/index.html.slim:10
  Rendered collection of tasks/_task.html.slim [6 times] (Duration: 0.8ms | Allocations: 648)
  Rendered tasks/index.html.slim within layouts/application (Duration: 4.9ms | Allocations: 2296)
  Rendered layout layouts/application.html.erb (Duration: 15.5ms | Allocations: 10564)
Completed 200 OK in 16ms (Views: 15.7ms | ActiveRecord: 0.3ms | Allocations: 10843)


Started POST "/tasks" for 127.0.0.1 at 2022-08-10 09:36:51 +0530
Processing by TasksController#create as TURBO_STREAM
  Parameters: {"authenticity_token"=>"[FILTERED]", "task"=>{"name"=>""}, "commit"=>"Create Task"}
  Rendered tasks/_form.html.slim (Duration: 2.6ms | Allocations: 1189)
Completed 200 OK in 4ms (Views: 0.1ms | ActiveRecord: 0.0ms | Allocations: 2306)


Started GET "/tasks" for 127.0.0.1 at 2022-08-10 09:36:53 +0530
Processing by TasksController#index as HTML
  Rendering layout layouts/application.html.erb
  Rendering tasks/index.html.slim within layouts/application
  Rendered tasks/_form.html.slim (Duration: 1.3ms | Allocations: 517)
  [1m[36mTask Load (0.6ms)[0m  [1m[34mSELECT `tasks`.* FROM `tasks`[0m
  ↳ app/views/tasks/index.html.slim:10
  Rendered collection of tasks/_task.html.slim [6 times] (Duration: 1.0ms | Allocations: 648)
  Rendered tasks/index.html.slim within layouts/application (Duration: 6.5ms | Allocations: 2307)
  Rendered layout layouts/application.html.erb (Duration: 17.8ms | Allocations: 10575)
Completed 200 OK in 19ms (Views: 17.6ms | ActiveRecord: 0.6ms | Allocations: 10852)


Started GET "/tasks" for 127.0.0.1 at 2022-08-10 09:37:53 +0530
Processing by TasksController#index as HTML
  Rendering layout layouts/application.html.erb
  Rendering tasks/index.html.slim within layouts/application
  Rendered tasks/_form.html.slim (Duration: 9.1ms | Allocations: 4565)
  [1m[36mTask Load (1.6ms)[0m  [1m[34mSELECT `tasks`.* FROM `tasks`[0m
  ↳ app/views/tasks/index.html.slim:10
  Rendered collection of tasks/_task.html.slim [6 times] (Duration: 8.1ms | Allocations: 4247)
  Rendered tasks/index.html.slim within layouts/application (Duration: 29.1ms | Allocations: 14191)
  Rendered layout layouts/application.html.erb (Duration: 40.3ms | Allocations: 22872)
Completed 200 OK in 42ms (Views: 40.1ms | ActiveRecord: 1.6ms | Allocations: 23731)


Started GET "/tasks" for 127.0.0.1 at 2022-08-10 09:37:54 +0530
Processing by TasksController#index as HTML
  Rendering layout layouts/application.html.erb
  Rendering tasks/index.html.slim within layouts/application
  Rendered tasks/_form.html.slim (Duration: 0.9ms | Allocations: 517)
  [1m[36mTask Load (0.4ms)[0m  [1m[34mSELECT `tasks`.* FROM `tasks`[0m
  ↳ app/views/tasks/index.html.slim:10
  Rendered collection of tasks/_task.html.slim [6 times] (Duration: 1.5ms | Allocations: 648)
  Rendered tasks/index.html.slim within layouts/application (Duration: 5.8ms | Allocations: 2287)
  Rendered layout layouts/application.html.erb (Duration: 19.7ms | Allocations: 10571)
Completed 200 OK in 21ms (Views: 19.9ms | ActiveRecord: 0.4ms | Allocations: 10871)


Started GET "/tasks" for 127.0.0.1 at 2022-08-10 09:37:54 +0530
Processing by TasksController#index as HTML
  Rendering layout layouts/application.html.erb
  Rendering tasks/index.html.slim within layouts/application
  Rendered tasks/_form.html.slim (Duration: 0.8ms | Allocations: 517)
  [1m[36mTask Load (0.3ms)[0m  [1m[34mSELECT `tasks`.* FROM `tasks`[0m
  ↳ app/views/tasks/index.html.slim:10
  Rendered collection of tasks/_task.html.slim [6 times] (Duration: 1.2ms | Allocations: 648)
  Rendered tasks/index.html.slim within layouts/application (Duration: 4.1ms | Allocations: 2284)
  Rendered layout layouts/application.html.erb (Duration: 13.5ms | Allocations: 10553)
Completed 200 OK in 15ms (Views: 13.9ms | ActiveRecord: 0.3ms | Allocations: 10831)


Started GET "/tasks" for 127.0.0.1 at 2022-08-10 09:37:55 +0530
Processing by TasksController#index as HTML
  Rendering layout layouts/application.html.erb
  Rendering tasks/index.html.slim within layouts/application
  Rendered tasks/_form.html.slim (Duration: 0.8ms | Allocations: 517)
  [1m[36mTask Load (0.3ms)[0m  [1m[34mSELECT `tasks`.* FROM `tasks`[0m
  ↳ app/views/tasks/index.html.slim:10
  Rendered collection of tasks/_task.html.slim [6 times] (Duration: 0.7ms | Allocations: 648)
  Rendered tasks/index.html.slim within layouts/application (Duration: 3.9ms | Allocations: 2299)
  Rendered layout layouts/application.html.erb (Duration: 13.2ms | Allocations: 10567)
Completed 200 OK in 14ms (Views: 13.6ms | ActiveRecord: 0.3ms | Allocations: 10845)


Started GET "/tasks" for 127.0.0.1 at 2022-08-10 09:37:55 +0530
Processing by TasksController#index as HTML
  Rendering layout layouts/application.html.erb
  Rendering tasks/index.html.slim within layouts/application
  Rendered tasks/_form.html.slim (Duration: 1.5ms | Allocations: 517)
  [1m[36mTask Load (0.5ms)[0m  [1m[34mSELECT `tasks`.* FROM `tasks`[0m
  ↳ app/views/tasks/index.html.slim:10
  Rendered collection of tasks/_task.html.slim [6 times] (Duration: 1.1ms | Allocations: 648)
  Rendered tasks/index.html.slim within layouts/application (Duration: 7.6ms | Allocations: 2287)
  Rendered layout layouts/application.html.erb (Duration: 15.2ms | Allocations: 10555)
Completed 200 OK in 16ms (Views: 15.2ms | ActiveRecord: 0.5ms | Allocations: 10833)


Started GET "/tasks" for 127.0.0.1 at 2022-08-10 09:39:56 +0530
Processing by TasksController#index as HTML
  Rendering layout layouts/application.html.erb
  Rendering tasks/index.html.slim within layouts/application
  Rendered tasks/_form.html.slim (Duration: 7.7ms | Allocations: 4565)
  [1m[36mTask Load (0.4ms)[0m  [1m[34mSELECT `tasks`.* FROM `tasks`[0m
  ↳ app/views/tasks/index.html.slim:10
  Rendered collection of tasks/_task.html.slim [6 times] (Duration: 2.5ms | Allocations: 1906)
  Rendered tasks/index.html.slim within layouts/application (Duration: 18.5ms | Allocations: 11851)
  Rendered layout layouts/application.html.erb (Duration: 30.6ms | Allocations: 20542)
Completed 200 OK in 32ms (Views: 31.2ms | ActiveRecord: 0.4ms | Allocations: 21403)


Started GET "/tasks" for 127.0.0.1 at 2022-08-10 09:40:55 +0530
Processing by TasksController#index as HTML
  Rendering layout layouts/application.html.erb
  Rendering tasks/index.html.slim within layouts/application
  Rendered tasks/_form.html.slim (Duration: 4.4ms | Allocations: 4566)
  [1m[36mTask Load (0.4ms)[0m  [1m[34mSELECT `tasks`.* FROM `tasks`[0m
  ↳ app/views/tasks/index.html.slim:10
  Rendered collection of tasks/_task.html.slim [6 times] (Duration: 2.7ms | Allocations: 2469)
  Rendered tasks/index.html.slim within layouts/application (Duration: 13.9ms | Allocations: 12425)
  Rendered layout layouts/application.html.erb (Duration: 22.7ms | Allocations: 21111)
Completed 200 OK in 25ms (Views: 23.9ms | ActiveRecord: 0.4ms | Allocations: 21991)


Started GET "/tasks" for 127.0.0.1 at 2022-08-10 09:40:56 +0530
Processing by TasksController#index as HTML
  Rendering layout layouts/application.html.erb
  Rendering tasks/index.html.slim within layouts/application
  Rendered tasks/_form.html.slim (Duration: 0.9ms | Allocations: 517)
  [1m[36mTask Load (0.3ms)[0m  [1m[34mSELECT `tasks`.* FROM `tasks`[0m
  ↳ app/views/tasks/index.html.slim:10
  Rendered collection of tasks/_task.html.slim [6 times] (Duration: 2.4ms | Allocations: 600)
  Rendered tasks/index.html.slim within layouts/application (Duration: 6.1ms | Allocations: 2248)
  Rendered layout layouts/application.html.erb (Duration: 17.6ms | Allocations: 10528)
Completed 200 OK in 19ms (Views: 18.0ms | ActiveRecord: 0.3ms | Allocations: 10826)


Started GET "/tasks" for 127.0.0.1 at 2022-08-10 09:40:56 +0530
Processing by TasksController#index as HTML
  Rendering layout layouts/application.html.erb
  Rendering tasks/index.html.slim within layouts/application
  Rendered tasks/_form.html.slim (Duration: 0.8ms | Allocations: 517)
  [1m[36mTask Load (0.2ms)[0m  [1m[34mSELECT `tasks`.* FROM `tasks`[0m
  ↳ app/views/tasks/index.html.slim:10
  Rendered collection of tasks/_task.html.slim [6 times] (Duration: 0.6ms | Allocations: 600)
  Rendered tasks/index.html.slim within layouts/application (Duration: 3.5ms | Allocations: 2236)
  Rendered layout layouts/application.html.erb (Duration: 12.5ms | Allocations: 10504)
Completed 200 OK in 13ms (Views: 12.8ms | ActiveRecord: 0.2ms | Allocations: 10781)


Started GET "/tasks" for 127.0.0.1 at 2022-08-10 09:40:57 +0530
Processing by TasksController#index as HTML
  Rendering layout layouts/application.html.erb
  Rendering tasks/index.html.slim within layouts/application
  Rendered tasks/_form.html.slim (Duration: 1.1ms | Allocations: 517)
  [1m[36mTask Load (0.3ms)[0m  [1m[34mSELECT `tasks`.* FROM `tasks`[0m
  ↳ app/views/tasks/index.html.slim:10
  Rendered collection of tasks/_task.html.slim [6 times] (Duration: 0.6ms | Allocations: 600)
  Rendered tasks/index.html.slim within layouts/application (Duration: 4.0ms | Allocations: 2242)
  Rendered layout layouts/application.html.erb (Duration: 13.8ms | Allocations: 10510)
Completed 200 OK in 15ms (Views: 14.0ms | ActiveRecord: 0.3ms | Allocations: 10787)


Started GET "/tasks" for 127.0.0.1 at 2022-08-10 09:40:57 +0530
Processing by TasksController#index as HTML
  Rendering layout layouts/application.html.erb
  Rendering tasks/index.html.slim within layouts/application
  Rendered tasks/_form.html.slim (Duration: 0.9ms | Allocations: 517)
  [1m[36mTask Load (0.2ms)[0m  [1m[34mSELECT `tasks`.* FROM `tasks`[0m
  ↳ app/views/tasks/index.html.slim:10
  Rendered collection of tasks/_task.html.slim [6 times] (Duration: 0.8ms | Allocations: 600)
  Rendered tasks/index.html.slim within layouts/application (Duration: 4.4ms | Allocations: 2239)
  Rendered layout layouts/application.html.erb (Duration: 15.0ms | Allocations: 10507)
Completed 200 OK in 16ms (Views: 15.3ms | ActiveRecord: 0.2ms | Allocations: 10784)


Started GET "/tasks" for 127.0.0.1 at 2022-08-10 09:40:57 +0530
Processing by TasksController#index as HTML
  Rendering layout layouts/application.html.erb
  Rendering tasks/index.html.slim within layouts/application
  Rendered tasks/_form.html.slim (Duration: 1.0ms | Allocations: 517)
  [1m[36mTask Load (0.4ms)[0m  [1m[34mSELECT `tasks`.* FROM `tasks`[0m
  ↳ app/views/tasks/index.html.slim:10
  Rendered collection of tasks/_task.html.slim [6 times] (Duration: 1.5ms | Allocations: 600)
  Rendered tasks/index.html.slim within layouts/application (Duration: 5.6ms | Allocations: 2254)
  Rendered layout layouts/application.html.erb (Duration: 14.2ms | Allocations: 10522)
Completed 200 OK in 15ms (Views: 14.1ms | ActiveRecord: 0.4ms | Allocations: 10799)


Started GET "/tasks/1/edit" for 127.0.0.1 at 2022-08-10 09:40:58 +0530
Processing by TasksController#edit as HTML
  Parameters: {"id"=>"1"}
  [1m[36mTask Load (0.3ms)[0m  [1m[34mSELECT `tasks`.* FROM `tasks` WHERE `tasks`.`id` = 1 LIMIT 1[0m
  ↳ app/controllers/tasks_controller.rb:84:in `set_task'
  Rendering tasks/edit.html.slim
  Rendered tasks/_form.html.slim (Duration: 1.4ms | Allocations: 861)
  Rendered tasks/edit.html.slim (Duration: 3.6ms | Allocations: 2576)
Completed 200 OK in 6ms (Views: 4.0ms | ActiveRecord: 0.3ms | Allocations: 3398)


Started GET "/tasks/2/edit" for 127.0.0.1 at 2022-08-10 09:41:01 +0530
Processing by TasksController#edit as HTML
  Parameters: {"id"=>"2"}
  [1m[36mTask Load (0.3ms)[0m  [1m[34mSELECT `tasks`.* FROM `tasks` WHERE `tasks`.`id` = 2 LIMIT 1[0m
  ↳ app/controllers/tasks_controller.rb:84:in `set_task'
  Rendering tasks/edit.html.slim
  Rendered tasks/_form.html.slim (Duration: 1.2ms | Allocations: 854)
  Rendered tasks/edit.html.slim (Duration: 1.5ms | Allocations: 985)
Completed 200 OK in 3ms (Views: 1.9ms | ActiveRecord: 0.3ms | Allocations: 1737)


Started GET "/tasks/3/edit" for 127.0.0.1 at 2022-08-10 09:41:02 +0530
Processing by TasksController#edit as HTML
  Parameters: {"id"=>"3"}
  [1m[36mTask Load (0.3ms)[0m  [1m[34mSELECT `tasks`.* FROM `tasks` WHERE `tasks`.`id` = 3 LIMIT 1[0m
  ↳ app/controllers/tasks_controller.rb:84:in `set_task'
  Rendering tasks/edit.html.slim
  Rendered tasks/_form.html.slim (Duration: 1.1ms | Allocations: 851)
  Rendered tasks/edit.html.slim (Duration: 1.3ms | Allocations: 982)
Completed 200 OK in 3ms (Views: 1.9ms | ActiveRecord: 0.3ms | Allocations: 1734)


Started GET "/tasks/4/edit" for 127.0.0.1 at 2022-08-10 09:41:03 +0530
Processing by TasksController#edit as HTML
  Parameters: {"id"=>"4"}
  [1m[36mTask Load (0.3ms)[0m  [1m[34mSELECT `tasks`.* FROM `tasks` WHERE `tasks`.`id` = 4 LIMIT 1[0m
  ↳ app/controllers/tasks_controller.rb:84:in `set_task'
  Rendering tasks/edit.html.slim
  Rendered tasks/_form.html.slim (Duration: 1.6ms | Allocations: 830)
  Rendered tasks/edit.html.slim (Duration: 1.9ms | Allocations: 961)
Completed 200 OK in 4ms (Views: 2.2ms | ActiveRecord: 0.3ms | Allocations: 1713)


Started GET "/tasks/5/edit" for 127.0.0.1 at 2022-08-10 09:41:04 +0530
Processing by TasksController#edit as HTML
  Parameters: {"id"=>"5"}
  [1m[36mTask Load (0.3ms)[0m  [1m[34mSELECT `tasks`.* FROM `tasks` WHERE `tasks`.`id` = 5 LIMIT 1[0m
  ↳ app/controllers/tasks_controller.rb:84:in `set_task'
  Rendering tasks/edit.html.slim
  Rendered tasks/_form.html.slim (Duration: 1.2ms | Allocations: 827)
  Rendered tasks/edit.html.slim (Duration: 1.6ms | Allocations: 958)
Completed 200 OK in 4ms (Views: 2.1ms | ActiveRecord: 0.3ms | Allocations: 1710)


Started GET "/tasks/6/edit" for 127.0.0.1 at 2022-08-10 09:41:05 +0530
Processing by TasksController#edit as HTML
  Parameters: {"id"=>"6"}
  [1m[36mTask Load (0.3ms)[0m  [1m[34mSELECT `tasks`.* FROM `tasks` WHERE `tasks`.`id` = 6 LIMIT 1[0m
  ↳ app/controllers/tasks_controller.rb:84:in `set_task'
  Rendering tasks/edit.html.slim
  Rendered tasks/_form.html.slim (Duration: 1.2ms | Allocations: 848)
  Rendered tasks/edit.html.slim (Duration: 1.5ms | Allocations: 979)
Completed 200 OK in 7ms (Views: 1.8ms | ActiveRecord: 0.3ms | Allocations: 1733)


Started GET "/tasks" for 127.0.0.1 at 2022-08-10 09:42:29 +0530
Processing by TasksController#index as HTML
  Rendering layout layouts/application.html.erb
  Rendering tasks/index.html.slim within layouts/application
  Rendered tasks/_form.html.slim (Duration: 4.5ms | Allocations: 4566)
  [1m[36mTask Load (0.3ms)[0m  [1m[34mSELECT `tasks`.* FROM `tasks`[0m
  ↳ app/views/tasks/index.html.slim:10
  Rendered collection of tasks/_task.html.slim [6 times] (Duration: 6.9ms | Allocations: 8486)
  Rendered tasks/index.html.slim within layouts/application (Duration: 20.7ms | Allocations: 18429)
  Rendered layout layouts/application.html.erb (Duration: 38.9ms | Allocations: 28494)
Completed 200 OK in 41ms (Views: 40.4ms | ActiveRecord: 0.3ms | Allocations: 29353)


Started GET "/tasks" for 127.0.0.1 at 2022-08-10 09:43:29 +0530
Processing by TasksController#index as HTML
  Rendering layout layouts/application.html.erb
  Rendering tasks/index.html.slim within layouts/application
  Rendered tasks/_form.html.slim (Duration: 2.2ms | Allocations: 729)
  [1m[36mTask Load (0.4ms)[0m  [1m[34mSELECT `tasks`.* FROM `tasks`[0m
  ↳ app/views/tasks/index.html.slim:10
  Rendered collection of tasks/_task.html.slim [6 times] (Duration: 2.2ms | Allocations: 2043)
  Rendered tasks/index.html.slim within layouts/application (Duration: 15.6ms | Allocations: 5530)
  Rendered layout layouts/application.html.erb (Duration: 38.4ms | Allocations: 29728)
Completed 200 OK in 42ms (Views: 35.3ms | ActiveRecord: 4.8ms | Allocations: 31167)


Started GET "/tasks" for 127.0.0.1 at 2022-08-10 09:43:30 +0530
Processing by TasksController#index as HTML
  Rendering layout layouts/application.html.erb
  Rendering tasks/index.html.slim within layouts/application
  Rendered tasks/_form.html.slim (Duration: 1.4ms | Allocations: 517)
  [1m[36mTask Load (0.4ms)[0m  [1m[34mSELECT `tasks`.* FROM `tasks`[0m
  ↳ app/views/tasks/index.html.slim:10
  Rendered collection of tasks/_task.html.slim [6 times] (Duration: 2.1ms | Allocations: 1986)
  Rendered tasks/index.html.slim within layouts/application (Duration: 7.3ms | Allocations: 3616)
  Rendered layout layouts/application.html.erb (Duration: 15.3ms | Allocations: 11903)
Completed 200 OK in 16ms (Views: 15.5ms | ActiveRecord: 0.4ms | Allocations: 12201)


Started GET "/tasks" for 127.0.0.1 at 2022-08-10 09:43:31 +0530
Processing by TasksController#index as HTML
  Rendering layout layouts/application.html.erb
  Rendering tasks/index.html.slim within layouts/application
  Rendered tasks/_form.html.slim (Duration: 1.7ms | Allocations: 517)
  [1m[36mTask Load (0.5ms)[0m  [1m[34mSELECT `tasks`.* FROM `tasks`[0m
  ↳ app/views/tasks/index.html.slim:10
  Rendered collection of tasks/_task.html.slim [6 times] (Duration: 4.6ms | Allocations: 1986)
  Rendered tasks/index.html.slim within layouts/application (Duration: 10.2ms | Allocations: 3631)
  Rendered layout layouts/application.html.erb (Duration: 19.3ms | Allocations: 11899)
Completed 200 OK in 20ms (Views: 19.3ms | ActiveRecord: 0.5ms | Allocations: 12177)


Started GET "/tasks" for 127.0.0.1 at 2022-08-10 09:43:31 +0530
Processing by TasksController#index as HTML
  Rendering layout layouts/application.html.erb
  Rendering tasks/index.html.slim within layouts/application
  Rendered tasks/_form.html.slim (Duration: 0.8ms | Allocations: 517)
  [1m[36mTask Load (0.4ms)[0m  [1m[34mSELECT `tasks`.* FROM `tasks`[0m
  ↳ app/views/tasks/index.html.slim:10
  Rendered collection of tasks/_task.html.slim [6 times] (Duration: 4.4ms | Allocations: 1986)
  Rendered tasks/index.html.slim within layouts/application (Duration: 7.8ms | Allocations: 3625)
  Rendered layout layouts/application.html.erb (Duration: 20.2ms | Allocations: 11893)
Completed 200 OK in 21ms (Views: 20.3ms | ActiveRecord: 0.4ms | Allocations: 12171)


Started GET "/tasks" for 127.0.0.1 at 2022-08-10 09:43:31 +0530
Processing by TasksController#index as HTML
  Rendering layout layouts/application.html.erb
  Rendering tasks/index.html.slim within layouts/application
  Rendered tasks/_form.html.slim (Duration: 0.8ms | Allocations: 517)
  [1m[36mTask Load (0.2ms)[0m  [1m[34mSELECT `tasks`.* FROM `tasks`[0m
  ↳ app/views/tasks/index.html.slim:10
  Rendered collection of tasks/_task.html.slim [6 times] (Duration: 2.0ms | Allocations: 1986)
  Rendered tasks/index.html.slim within layouts/application (Duration: 5.3ms | Allocations: 3637)
  Rendered layout layouts/application.html.erb (Duration: 17.2ms | Allocations: 11905)
Completed 200 OK in 18ms (Views: 17.4ms | ActiveRecord: 0.2ms | Allocations: 12183)


Started GET "/tasks" for 127.0.0.1 at 2022-08-10 09:43:31 +0530
Processing by TasksController#index as HTML
  Rendering layout layouts/application.html.erb
  Rendering tasks/index.html.slim within layouts/application
  Rendered tasks/_form.html.slim (Duration: 1.1ms | Allocations: 517)
  [1m[36mTask Load (0.2ms)[0m  [1m[34mSELECT `tasks`.* FROM `tasks`[0m
  ↳ app/views/tasks/index.html.slim:10
  Rendered collection of tasks/_task.html.slim [6 times] (Duration: 2.7ms | Allocations: 1986)
  Rendered tasks/index.html.slim within layouts/application (Duration: 5.9ms | Allocations: 3640)
  Rendered layout layouts/application.html.erb (Duration: 17.8ms | Allocations: 11908)
Completed 200 OK in 19ms (Views: 18.1ms | ActiveRecord: 0.2ms | Allocations: 12186)


Started GET "/tasks" for 127.0.0.1 at 2022-08-10 09:43:31 +0530
Processing by TasksController#index as HTML
  Rendering layout layouts/application.html.erb
  Rendering tasks/index.html.slim within layouts/application
  Rendered tasks/_form.html.slim (Duration: 0.8ms | Allocations: 517)
  [1m[36mTask Load (0.3ms)[0m  [1m[34mSELECT `tasks`.* FROM `tasks`[0m
  ↳ app/views/tasks/index.html.slim:10
  Rendered collection of tasks/_task.html.slim [6 times] (Duration: 2.2ms | Allocations: 1986)
  Rendered tasks/index.html.slim within layouts/application (Duration: 5.2ms | Allocations: 3625)
  Rendered layout layouts/application.html.erb (Duration: 27.9ms | Allocations: 11909)
Completed 200 OK in 29ms (Views: 28.1ms | ActiveRecord: 0.3ms | Allocations: 12188)


Started GET "/tasks" for 127.0.0.1 at 2022-08-10 09:43:59 +0530
Processing by TasksController#index as HTML
  Rendering layout layouts/application.html.erb
  Rendering tasks/index.html.slim within layouts/application
  Rendered tasks/_form.html.slim (Duration: 2.8ms | Allocations: 729)
  [1m[36mTask Load (0.4ms)[0m  [1m[34mSELECT `tasks`.* FROM `tasks`[0m
  ↳ app/views/tasks/index.html.slim:10
  Rendered collection of tasks/_task.html.slim [6 times] (Duration: 2.5ms | Allocations: 2043)
  Rendered tasks/index.html.slim within layouts/application (Duration: 17.9ms | Allocations: 5507)
  Rendered layout layouts/application.html.erb (Duration: 41.4ms | Allocations: 29725)
Completed 200 OK in 45ms (Views: 38.0ms | ActiveRecord: 4.4ms | Allocations: 31576)


  [1m[36mActiveRecord::SchemaMigration Pluck (1.8ms)[0m  [1m[34mSELECT `schema_migrations`.`version` FROM `schema_migrations` ORDER BY `schema_migrations`.`version` ASC[0m
  [1m[36mActiveRecord::SchemaMigration Pluck (0.3ms)[0m  [1m[34mSELECT `schema_migrations`.`version` FROM `schema_migrations` ORDER BY `schema_migrations`.`version` ASC[0m
  [1m[36mActiveRecord::SchemaMigration Pluck (0.2ms)[0m  [1m[34mSELECT `schema_migrations`.`version` FROM `schema_migrations` ORDER BY `schema_migrations`.`version` ASC[0m
  [1m[35m (0.1ms)[0m  [1m[34mSELECT GET_LOCK('951405288115990260', 0)[0m
  [1m[36mActiveRecord::SchemaMigration Pluck (0.2ms)[0m  [1m[34mSELECT `schema_migrations`.`version` FROM `schema_migrations` ORDER BY `schema_migrations`.`version` ASC[0m
Migrating to CreateTasks (20220810030726)
  [1m[35m (20.3ms)[0m  [1m[35mDROP TABLE `tasks`[0m
  [1m[36mActiveRecord::SchemaMigration Delete All (5.0ms)[0m  [1m[31mDELETE FROM `schema_migrations` WHERE `schema_migrations`.`version` = '20220810030726'[0m
  [1m[35m (0.2ms)[0m  [1m[34mSELECT RELEASE_LOCK('951405288115990260')[0m
  [1m[36mActiveRecord::SchemaMigration Pluck (0.2ms)[0m  [1m[34mSELECT `schema_migrations`.`version` FROM `schema_migrations` ORDER BY `schema_migrations`.`version` ASC[0m
  [1m[35m (0.2ms)[0m  [1m[34mSELECT GET_LOCK('951405288115990260', 0)[0m
  [1m[36mActiveRecord::SchemaMigration Pluck (0.3ms)[0m  [1m[34mSELECT `schema_migrations`.`version` FROM `schema_migrations` ORDER BY `schema_migrations`.`version` ASC[0m
Migrating to CreateTasks (20220810030726)
  [1m[35m (29.2ms)[0m  [1m[35mCREATE TABLE `tasks` (`id` bigint NOT NULL AUTO_INCREMENT PRIMARY KEY, `name` varchar(255), `status` int DEFAULT 0, `created_at` datetime(6) NOT NULL, `updated_at` datetime(6) NOT NULL)[0m
  [1m[36mTRANSACTION (0.2ms)[0m  [1m[35mBEGIN[0m
  [1m[36mActiveRecord::SchemaMigration Create (0.3ms)[0m  [1m[32mINSERT INTO `schema_migrations` (`version`) VALUES ('20220810030726')[0m
  [1m[36mTRANSACTION (4.9ms)[0m  [1m[35mCOMMIT[0m
  [1m[36mActiveRecord::InternalMetadata Load (0.4ms)[0m  [1m[34mSELECT `ar_internal_metadata`.* FROM `ar_internal_metadata` WHERE `ar_internal_metadata`.`key` = 'environment' LIMIT 1[0m
  [1m[35m (0.2ms)[0m  [1m[34mSELECT RELEASE_LOCK('951405288115990260')[0m
  [1m[36mActiveRecord::SchemaMigration Pluck (0.7ms)[0m  [1m[34mSELECT `schema_migrations`.`version` FROM `schema_migrations` ORDER BY `schema_migrations`.`version` ASC[0m
Started GET "/tasks" for 127.0.0.1 at 2022-08-10 09:45:58 +0530
  [1m[36mActiveRecord::SchemaMigration Pluck (0.2ms)[0m  [1m[34mSELECT `schema_migrations`.`version` FROM `schema_migrations` ORDER BY `schema_migrations`.`version` ASC[0m
Processing by TasksController#index as HTML
  Rendering layout layouts/application.html.erb
  Rendering tasks/index.html.slim within layouts/application
  Rendered tasks/_form.html.slim (Duration: 1.9ms | Allocations: 729)
  [1m[36mTask Load (0.6ms)[0m  [1m[34mSELECT `tasks`.* FROM `tasks`[0m
  ↳ app/views/tasks/index.html.slim:10
  Rendered collection of templates [0 times] (Duration: 0.1ms | Allocations: 26)
  Rendered tasks/index.html.slim within layouts/application (Duration: 12.1ms | Allocations: 3336)
  Rendered layout layouts/application.html.erb (Duration: 31.3ms | Allocations: 27554)
Completed 200 OK in 36ms (Views: 28.8ms | ActiveRecord: 3.8ms | Allocations: 29331)


Started GET "/tasks" for 127.0.0.1 at 2022-08-10 09:45:59 +0530
Processing by TasksController#index as HTML
  Rendering layout layouts/application.html.erb
  Rendering tasks/index.html.slim within layouts/application
  Rendered tasks/_form.html.slim (Duration: 1.3ms | Allocations: 517)
  [1m[36mTask Load (0.3ms)[0m  [1m[34mSELECT `tasks`.* FROM `tasks`[0m
  ↳ app/views/tasks/index.html.slim:10
  Rendered collection of templates [0 times] (Duration: 0.0ms | Allocations: 12)
  Rendered tasks/index.html.slim within layouts/application (Duration: 3.6ms | Allocations: 1547)
  Rendered layout layouts/application.html.erb (Duration: 11.9ms | Allocations: 9815)
Completed 200 OK in 13ms (Views: 12.4ms | ActiveRecord: 0.3ms | Allocations: 10113)


Started GET "/tasks" for 127.0.0.1 at 2022-08-10 09:46:00 +0530
Processing by TasksController#index as HTML
  Rendering layout layouts/application.html.erb
  Rendering tasks/index.html.slim within layouts/application
  Rendered tasks/_form.html.slim (Duration: 0.8ms | Allocations: 517)
  [1m[36mTask Load (0.2ms)[0m  [1m[34mSELECT `tasks`.* FROM `tasks`[0m
  ↳ app/views/tasks/index.html.slim:10
  Rendered collection of templates [0 times] (Duration: 0.0ms | Allocations: 12)
  Rendered tasks/index.html.slim within layouts/application (Duration: 2.6ms | Allocations: 1552)
  Rendered layout layouts/application.html.erb (Duration: 12.6ms | Allocations: 9820)
Completed 200 OK in 14ms (Views: 12.9ms | ActiveRecord: 0.2ms | Allocations: 10098)


Started GET "/tasks" for 127.0.0.1 at 2022-08-10 09:46:00 +0530
Processing by TasksController#index as HTML
  Rendering layout layouts/application.html.erb
  Rendering tasks/index.html.slim within layouts/application
  Rendered tasks/_form.html.slim (Duration: 1.5ms | Allocations: 517)
  [1m[36mTask Load (0.3ms)[0m  [1m[34mSELECT `tasks`.* FROM `tasks`[0m
  ↳ app/views/tasks/index.html.slim:10
  Rendered collection of templates [0 times] (Duration: 0.0ms | Allocations: 12)
  Rendered tasks/index.html.slim within layouts/application (Duration: 4.6ms | Allocations: 1555)
  Rendered layout layouts/application.html.erb (Duration: 12.5ms | Allocations: 9823)
Completed 200 OK in 14ms (Views: 12.7ms | ActiveRecord: 0.3ms | Allocations: 10101)


Started GET "/tasks" for 127.0.0.1 at 2022-08-10 09:46:04 +0530
Processing by TasksController#index as HTML
  Rendering layout layouts/application.html.erb
  Rendering tasks/index.html.slim within layouts/application
  Rendered tasks/_form.html.slim (Duration: 1.1ms | Allocations: 517)
  [1m[36mTask Load (0.3ms)[0m  [1m[34mSELECT `tasks`.* FROM `tasks`[0m
  ↳ app/views/tasks/index.html.slim:10
  Rendered collection of templates [0 times] (Duration: 0.0ms | Allocations: 12)
  Rendered tasks/index.html.slim within layouts/application (Duration: 3.9ms | Allocations: 1531)
  Rendered layout layouts/application.html.erb (Duration: 13.2ms | Allocations: 9799)
Completed 200 OK in 14ms (Views: 13.5ms | ActiveRecord: 0.3ms | Allocations: 10077)


Started GET "/tasks" for 127.0.0.1 at 2022-08-10 09:46:04 +0530
Processing by TasksController#index as HTML
  Rendering layout layouts/application.html.erb
  Rendering tasks/index.html.slim within layouts/application
  Rendered tasks/_form.html.slim (Duration: 0.8ms | Allocations: 517)
  [1m[36mTask Load (0.2ms)[0m  [1m[34mSELECT `tasks`.* FROM `tasks`[0m
  ↳ app/views/tasks/index.html.slim:10
  Rendered collection of templates [0 times] (Duration: 0.0ms | Allocations: 12)
  Rendered tasks/index.html.slim within layouts/application (Duration: 2.9ms | Allocations: 1549)
  Rendered layout layouts/application.html.erb (Duration: 12.2ms | Allocations: 9841)
Completed 200 OK in 14ms (Views: 13.2ms | ActiveRecord: 0.2ms | Allocations: 10120)


Started GET "/tasks" for 127.0.0.1 at 2022-08-10 09:46:04 +0530
Processing by TasksController#index as HTML
  Rendering layout layouts/application.html.erb
  Rendering tasks/index.html.slim within layouts/application
  Rendered tasks/_form.html.slim (Duration: 0.9ms | Allocations: 517)
  [1m[36mTask Load (0.2ms)[0m  [1m[34mSELECT `tasks`.* FROM `tasks`[0m
  ↳ app/views/tasks/index.html.slim:10
  Rendered collection of templates [0 times] (Duration: 0.0ms | Allocations: 12)
  Rendered tasks/index.html.slim within layouts/application (Duration: 2.7ms | Allocations: 1540)
  Rendered layout layouts/application.html.erb (Duration: 13.3ms | Allocations: 9808)
Completed 200 OK in 15ms (Views: 14.0ms | ActiveRecord: 0.2ms | Allocations: 10086)


Started GET "/tasks" for 127.0.0.1 at 2022-08-10 09:46:04 +0530
Processing by TasksController#index as HTML
  Rendering layout layouts/application.html.erb
  Rendering tasks/index.html.slim within layouts/application
  Rendered tasks/_form.html.slim (Duration: 2.0ms | Allocations: 517)
  [1m[36mTask Load (0.3ms)[0m  [1m[34mSELECT `tasks`.* FROM `tasks`[0m
  ↳ app/views/tasks/index.html.slim:10
  Rendered collection of templates [0 times] (Duration: 0.1ms | Allocations: 12)
  Rendered tasks/index.html.slim within layouts/application (Duration: 5.0ms | Allocations: 1540)
  Rendered layout layouts/application.html.erb (Duration: 13.3ms | Allocations: 9809)
Completed 200 OK in 15ms (Views: 13.8ms | ActiveRecord: 0.3ms | Allocations: 10087)


Started GET "/tasks" for 127.0.0.1 at 2022-08-10 09:46:38 +0530
Processing by TasksController#index as HTML
  Rendering layout layouts/application.html.erb
  Rendering tasks/index.html.slim within layouts/application
  Rendered tasks/_form.html.slim (Duration: 1.0ms | Allocations: 729)
  [1m[36mTask Load (0.3ms)[0m  [1m[34mSELECT `tasks`.* FROM `tasks`[0m
  ↳ app/views/tasks/index.html.slim:10
  Rendered collection of templates [0 times] (Duration: 0.0ms | Allocations: 18)
  Rendered tasks/index.html.slim within layouts/application (Duration: 8.8ms | Allocations: 3358)
  Rendered layout layouts/application.html.erb (Duration: 26.7ms | Allocations: 27584)
Completed 200 OK in 31ms (Views: 24.9ms | ActiveRecord: 3.4ms | Allocations: 29361)


Started GET "/tasks" for 127.0.0.1 at 2022-08-10 09:47:55 +0530
Processing by TasksController#index as HTML
  Rendering layout layouts/application.html.erb
  Rendering tasks/index.html.slim within layouts/application
  Rendered tasks/_form.html.slim (Duration: 5.2ms | Allocations: 4566)
  [1m[36mTask Load (0.3ms)[0m  [1m[34mSELECT `tasks`.* FROM `tasks`[0m
  ↳ app/views/tasks/index.html.slim:10
  Rendered collection of templates [0 times] (Duration: 0.0ms | Allocations: 16)
  Rendered tasks/index.html.slim within layouts/application (Duration: 12.0ms | Allocations: 9765)
  Rendered layout layouts/application.html.erb (Duration: 25.5ms | Allocations: 19835)
Completed 200 OK in 28ms (Views: 27.1ms | ActiveRecord: 0.3ms | Allocations: 20735)


Started POST "/tasks" for 127.0.0.1 at 2022-08-10 09:47:58 +0530
Processing by TasksController#create as TURBO_STREAM
  Parameters: {"authenticity_token"=>"[FILTERED]", "task"=>{"name"=>"aa"}, "commit"=>"Create Task"}
  [1m[36mTRANSACTION (0.2ms)[0m  [1m[35mBEGIN[0m
  ↳ app/controllers/tasks_controller.rb:38:in `block in create'
  [1m[36mTask Create (0.3ms)[0m  [1m[32mINSERT INTO `tasks` (`name`, `status`, `created_at`, `updated_at`) VALUES ('aa', 0, '2022-08-10 04:17:58.742211', '2022-08-10 04:17:58.742211')[0m
  ↳ app/controllers/tasks_controller.rb:38:in `block in create'
  [1m[36mTRANSACTION (4.7ms)[0m  [1m[35mCOMMIT[0m
  ↳ app/controllers/tasks_controller.rb:38:in `block in create'
  Rendered tasks/_task.html.slim (Duration: 3.7ms | Allocations: 6030)
Completed 500 Internal Server Error in 14ms (ActiveRecord: 5.2ms | Allocations: 8845)


  
ActionView::Template::Error (Malformed indentation
  /home/sisira/test project/rails Project/Todo_APP/app/views/tasks/_task.html.slim, Line 18, Column 7
    = button_to task_path(task), class: "bg-red-600 px-4 py-2 rounded hover:bg-red-700", method: :delete do
    ^
):
    15:             | Mark as complete
    16:           svg.h-5.w-5.text-white[xmlns="http://www.w3.org/2000/svg" viewbox="0 0 20 20" fill="currentColor"]
    17:             path[fill-rule="evenodd" d="M10 18a8 8 0 100-16 8 8 0 000 16zm3.707-9.293a1 1 0 00-1.414-1.414L9 10.586 7.707 9.293a1 1 0 00-1.414 1.414l2 2a1 1 0 001.414 0l4-4z" clip-rule="evenodd"]
    18:        = button_to task_path(task), class: "bg-red-600 px-4 py-2 rounded hover:bg-red-700", method: :delete do
    19:          span.sr-only
    20:            | Delete
    21:          svg.h-5.w-5.text-white[xmlns="http://www.w3.org/2000/svg" viewbox="0 0 20 20" fill="currentColor" title="Delete todo"]
  
app/views/tasks/_task.html.slim:18
app/controllers/tasks_controller.rb:39:in `block (2 levels) in create'
app/controllers/tasks_controller.rb:37:in `create'
Started GET "/tasks" for 127.0.0.1 at 2022-08-10 09:48:45 +0530
Processing by TasksController#index as HTML
  Rendering layout layouts/application.html.erb
  Rendering tasks/index.html.slim within layouts/application
  Rendered tasks/_form.html.slim (Duration: 6.1ms | Allocations: 4565)
  [1m[36mTask Load (0.3ms)[0m  [1m[34mSELECT `tasks`.* FROM `tasks`[0m
  ↳ app/views/tasks/index.html.slim:10
  Rendered collection of tasks/_task.html.slim [1 times] (Duration: 3.3ms | Allocations: 6357)
  Rendered tasks/index.html.slim within layouts/application (Duration: 17.3ms | Allocations: 16284)
  Rendered layout layouts/application.html.erb (Duration: 17.6ms | Allocations: 16378)
Completed 500 Internal Server Error in 20ms (ActiveRecord: 0.3ms | Allocations: 17215)


  
ActionView::Template::Error (Malformed indentation
  /home/sisira/test project/rails Project/Todo_APP/app/views/tasks/_task.html.slim, Line 18, Column 9
    = button_to task_path(task), class: "bg-red-600 px-4 py-2 rounded hover:bg-red-700", method: :delete do
    ^
):
    15:             | Mark as complete
    16:           svg.h-5.w-5.text-white[xmlns="http://www.w3.org/2000/svg" viewbox="0 0 20 20" fill="currentColor"]
    17:             path[fill-rule="evenodd" d="M10 18a8 8 0 100-16 8 8 0 000 16zm3.707-9.293a1 1 0 00-1.414-1.414L9 10.586 7.707 9.293a1 1 0 00-1.414 1.414l2 2a1 1 0 001.414 0l4-4z" clip-rule="evenodd"]
    18:          = button_to task_path(task), class: "bg-red-600 px-4 py-2 rounded hover:bg-red-700", method: :delete do
    19:            span.sr-only
    20:              | Delete
    21:            svg.h-5.w-5.text-white[xmlns="http://www.w3.org/2000/svg" viewbox="0 0 20 20" fill="currentColor" title="Delete todo"]
  
app/views/tasks/_task.html.slim:18
app/views/tasks/index.html.slim:10
Started GET "/tasks" for 127.0.0.1 at 2022-08-10 09:49:30 +0530
Processing by TasksController#index as HTML
  Rendering layout layouts/application.html.erb
  Rendering tasks/index.html.slim within layouts/application
  Rendered tasks/_form.html.slim (Duration: 6.2ms | Allocations: 4565)
  [1m[36mTask Load (0.3ms)[0m  [1m[34mSELECT `tasks`.* FROM `tasks`[0m
  ↳ app/views/tasks/index.html.slim:10
  Rendered collection of tasks/_task.html.slim [1 times] (Duration: 14.5ms | Allocations: 14542)
  Rendered tasks/index.html.slim within layouts/application (Duration: 29.2ms | Allocations: 24457)
  Rendered layout layouts/application.html.erb (Duration: 39.5ms | Allocations: 33195)
Completed 200 OK in 42ms (Views: 40.9ms | ActiveRecord: 0.3ms | Allocations: 34071)


Started GET "/tasks" for 127.0.0.1 at 2022-08-10 09:50:04 +0530
Processing by TasksController#index as HTML
  Rendering layout layouts/application.html.erb
  Rendering tasks/index.html.slim within layouts/application
  Rendered tasks/_form.html.slim (Duration: 1.3ms | Allocations: 729)
  [1m[36mTask Load (0.4ms)[0m  [1m[34mSELECT `tasks`.* FROM `tasks` WHERE `tasks`.`status` = 0[0m
  ↳ app/views/tasks/index.html.slim:10
  Rendered collection of tasks/_task.html.slim [1 times] (Duration: 3.4ms | Allocations: 712)
  Rendered tasks/index.html.slim within layouts/application (Duration: 15.4ms | Allocations: 3877)
  Rendered layout layouts/application.html.erb (Duration: 40.0ms | Allocations: 28057)
Completed 200 OK in 46ms (Views: 39.2ms | ActiveRecord: 3.6ms | Allocations: 30306)


Started GET "/tasks" for 127.0.0.1 at 2022-08-10 09:50:06 +0530
Processing by TasksController#index as HTML
  Rendering layout layouts/application.html.erb
  Rendering tasks/index.html.slim within layouts/application
  Rendered tasks/_form.html.slim (Duration: 1.8ms | Allocations: 517)
  [1m[36mTask Load (0.3ms)[0m  [1m[34mSELECT `tasks`.* FROM `tasks` WHERE `tasks`.`status` = 0[0m
  ↳ app/views/tasks/index.html.slim:10
  Rendered collection of tasks/_task.html.slim [1 times] (Duration: 0.8ms | Allocations: 634)
  Rendered tasks/index.html.slim within layouts/application (Duration: 4.8ms | Allocations: 2251)
  Rendered layout layouts/application.html.erb (Duration: 14.0ms | Allocations: 10511)
Completed 200 OK in 16ms (Views: 14.6ms | ActiveRecord: 0.3ms | Allocations: 10874)


Started GET "/tasks" for 127.0.0.1 at 2022-08-10 09:50:06 +0530
Processing by TasksController#index as HTML
  Rendering layout layouts/application.html.erb
  Rendering tasks/index.html.slim within layouts/application
  Rendered tasks/_form.html.slim (Duration: 1.1ms | Allocations: 517)
  [1m[36mTask Load (0.3ms)[0m  [1m[34mSELECT `tasks`.* FROM `tasks` WHERE `tasks`.`status` = 0[0m
  ↳ app/views/tasks/index.html.slim:10
  Rendered collection of tasks/_task.html.slim [1 times] (Duration: 0.9ms | Allocations: 634)
  Rendered tasks/index.html.slim within layouts/application (Duration: 6.3ms | Allocations: 2250)
  Rendered layout layouts/application.html.erb (Duration: 14.0ms | Allocations: 10511)
Completed 200 OK in 15ms (Views: 14.2ms | ActiveRecord: 0.3ms | Allocations: 10834)


Started GET "/tasks" for 127.0.0.1 at 2022-08-10 09:50:06 +0530
Processing by TasksController#index as HTML
  Rendering layout layouts/application.html.erb
  Rendering tasks/index.html.slim within layouts/application
  Rendered tasks/_form.html.slim (Duration: 0.9ms | Allocations: 517)
  [1m[36mTask Load (0.4ms)[0m  [1m[34mSELECT `tasks`.* FROM `tasks` WHERE `tasks`.`status` = 0[0m
  ↳ app/views/tasks/index.html.slim:10
  Rendered collection of tasks/_task.html.slim [1 times] (Duration: 2.1ms | Allocations: 634)
  Rendered tasks/index.html.slim within layouts/application (Duration: 6.2ms | Allocations: 2232)
  Rendered layout layouts/application.html.erb (Duration: 13.9ms | Allocations: 10492)
Completed 200 OK in 16ms (Views: 14.2ms | ActiveRecord: 0.4ms | Allocations: 10815)


Started GET "/tasks" for 127.0.0.1 at 2022-08-10 09:50:06 +0530
Processing by TasksController#index as HTML
  Rendering layout layouts/application.html.erb
  Rendering tasks/index.html.slim within layouts/application
  Rendered tasks/_form.html.slim (Duration: 1.5ms | Allocations: 517)
  [1m[36mTask Load (0.4ms)[0m  [1m[34mSELECT `tasks`.* FROM `tasks` WHERE `tasks`.`status` = 0[0m
  ↳ app/views/tasks/index.html.slim:10
  Rendered collection of tasks/_task.html.slim [1 times] (Duration: 1.3ms | Allocations: 634)
  Rendered tasks/index.html.slim within layouts/application (Duration: 6.1ms | Allocations: 2232)
  Rendered layout layouts/application.html.erb (Duration: 13.8ms | Allocations: 10492)
Completed 200 OK in 15ms (Views: 13.9ms | ActiveRecord: 0.4ms | Allocations: 10815)


Started GET "/tasks" for 127.0.0.1 at 2022-08-10 09:50:06 +0530
Processing by TasksController#index as HTML
  Rendering layout layouts/application.html.erb
  Rendering tasks/index.html.slim within layouts/application
  Rendered tasks/_form.html.slim (Duration: 0.9ms | Allocations: 517)
  [1m[36mTask Load (0.2ms)[0m  [1m[34mSELECT `tasks`.* FROM `tasks` WHERE `tasks`.`status` = 0[0m
  ↳ app/views/tasks/index.html.slim:10
  Rendered collection of tasks/_task.html.slim [1 times] (Duration: 1.7ms | Allocations: 634)
  Rendered tasks/index.html.slim within layouts/application (Duration: 5.0ms | Allocations: 2220)
  Rendered layout layouts/application.html.erb (Duration: 14.4ms | Allocations: 10480)
Completed 200 OK in 15ms (Views: 14.7ms | ActiveRecord: 0.2ms | Allocations: 10803)


Started GET "/tasks" for 127.0.0.1 at 2022-08-10 09:50:07 +0530
Processing by TasksController#index as HTML
  Rendering layout layouts/application.html.erb
  Rendering tasks/index.html.slim within layouts/application
  Rendered tasks/_form.html.slim (Duration: 1.4ms | Allocations: 517)
  [1m[36mTask Load (0.5ms)[0m  [1m[34mSELECT `tasks`.* FROM `tasks` WHERE `tasks`.`status` = 0[0m
  ↳ app/views/tasks/index.html.slim:10
  Rendered collection of tasks/_task.html.slim [1 times] (Duration: 1.8ms | Allocations: 634)
  Rendered tasks/index.html.slim within layouts/application (Duration: 7.0ms | Allocations: 2244)
  Rendered layout layouts/application.html.erb (Duration: 14.6ms | Allocations: 10504)
Completed 200 OK in 16ms (Views: 14.7ms | ActiveRecord: 0.5ms | Allocations: 10828)


Started GET "/tasks" for 127.0.0.1 at 2022-08-10 09:50:07 +0530
Processing by TasksController#index as HTML
  Rendering layout layouts/application.html.erb
  Rendering tasks/index.html.slim within layouts/application
  Rendered tasks/_form.html.slim (Duration: 1.2ms | Allocations: 517)
  [1m[36mTask Load (0.3ms)[0m  [1m[34mSELECT `tasks`.* FROM `tasks` WHERE `tasks`.`status` = 0[0m
  ↳ app/views/tasks/index.html.slim:10
  Rendered collection of tasks/_task.html.slim [1 times] (Duration: 1.3ms | Allocations: 634)
  Rendered tasks/index.html.slim within layouts/application (Duration: 5.2ms | Allocations: 2247)
  Rendered layout layouts/application.html.erb (Duration: 14.3ms | Allocations: 10507)
Completed 200 OK in 15ms (Views: 14.5ms | ActiveRecord: 0.3ms | Allocations: 10830)


Started GET "/tasks" for 127.0.0.1 at 2022-08-10 09:50:07 +0530
Processing by TasksController#index as HTML
  Rendering layout layouts/application.html.erb
  Rendering tasks/index.html.slim within layouts/application
  Rendered tasks/_form.html.slim (Duration: 1.0ms | Allocations: 517)
  [1m[36mTask Load (0.3ms)[0m  [1m[34mSELECT `tasks`.* FROM `tasks` WHERE `tasks`.`status` = 0[0m
  ↳ app/views/tasks/index.html.slim:10
  Rendered collection of tasks/_task.html.slim [1 times] (Duration: 1.6ms | Allocations: 634)
  Rendered tasks/index.html.slim within layouts/application (Duration: 5.4ms | Allocations: 2232)
  Rendered layout layouts/application.html.erb (Duration: 14.0ms | Allocations: 10492)
Completed 200 OK in 15ms (Views: 14.1ms | ActiveRecord: 0.3ms | Allocations: 10815)


Started GET "/tasks" for 127.0.0.1 at 2022-08-10 09:50:08 +0530
Processing by TasksController#index as HTML
  Rendering layout layouts/application.html.erb
  Rendering tasks/index.html.slim within layouts/application
  Rendered tasks/_form.html.slim (Duration: 1.0ms | Allocations: 517)
  [1m[36mTask Load (0.3ms)[0m  [1m[34mSELECT `tasks`.* FROM `tasks` WHERE `tasks`.`status` = 0[0m
  ↳ app/views/tasks/index.html.slim:10
  Rendered collection of tasks/_task.html.slim [1 times] (Duration: 8.4ms | Allocations: 634)
  Rendered tasks/index.html.slim within layouts/application (Duration: 11.6ms | Allocations: 2211)
  Rendered layout layouts/application.html.erb (Duration: 20.8ms | Allocations: 10529)
Completed 200 OK in 22ms (Views: 21.1ms | ActiveRecord: 0.3ms | Allocations: 10853)


Started GET "/tasks" for 127.0.0.1 at 2022-08-10 09:50:08 +0530
Processing by TasksController#index as HTML
  Rendering layout layouts/application.html.erb
  Rendering tasks/index.html.slim within layouts/application
  Rendered tasks/_form.html.slim (Duration: 1.6ms | Allocations: 517)
  [1m[36mTask Load (0.4ms)[0m  [1m[34mSELECT `tasks`.* FROM `tasks` WHERE `tasks`.`status` = 0[0m
  ↳ app/views/tasks/index.html.slim:10
  Rendered collection of tasks/_task.html.slim [1 times] (Duration: 2.1ms | Allocations: 634)
  Rendered tasks/index.html.slim within layouts/application (Duration: 7.4ms | Allocations: 2229)
  Rendered layout layouts/application.html.erb (Duration: 17.2ms | Allocations: 10512)
Completed 200 OK in 19ms (Views: 17.2ms | ActiveRecord: 0.4ms | Allocations: 10835)


Started GET "/tasks" for 127.0.0.1 at 2022-08-10 09:50:08 +0530
Processing by TasksController#index as HTML
  Rendering layout layouts/application.html.erb
  Rendering tasks/index.html.slim within layouts/application
  Rendered tasks/_form.html.slim (Duration: 1.1ms | Allocations: 517)
  [1m[36mTask Load (0.5ms)[0m  [1m[34mSELECT `tasks`.* FROM `tasks` WHERE `tasks`.`status` = 0[0m
  ↳ app/views/tasks/index.html.slim:10
  Rendered collection of tasks/_task.html.slim [1 times] (Duration: 1.5ms | Allocations: 634)
  Rendered tasks/index.html.slim within layouts/application (Duration: 5.9ms | Allocations: 2232)
  Rendered layout layouts/application.html.erb (Duration: 13.8ms | Allocations: 10492)
Completed 200 OK in 15ms (Views: 14.1ms | ActiveRecord: 0.5ms | Allocations: 10815)


Started GET "/tasks" for 127.0.0.1 at 2022-08-10 09:50:08 +0530
Processing by TasksController#index as HTML
  Rendering layout layouts/application.html.erb
  Rendering tasks/index.html.slim within layouts/application
  Rendered tasks/_form.html.slim (Duration: 1.1ms | Allocations: 517)
  [1m[36mTask Load (0.3ms)[0m  [1m[34mSELECT `tasks`.* FROM `tasks` WHERE `tasks`.`status` = 0[0m
  ↳ app/views/tasks/index.html.slim:10
  Rendered collection of tasks/_task.html.slim [1 times] (Duration: 1.0ms | Allocations: 634)
  Rendered tasks/index.html.slim within layouts/application (Duration: 5.5ms | Allocations: 2235)
  Rendered layout layouts/application.html.erb (Duration: 14.0ms | Allocations: 10495)
Completed 200 OK in 15ms (Views: 14.2ms | ActiveRecord: 0.3ms | Allocations: 10818)


Started GET "/tasks" for 127.0.0.1 at 2022-08-10 09:50:08 +0530
Processing by TasksController#index as HTML
  Rendering layout layouts/application.html.erb
  Rendering tasks/index.html.slim within layouts/application
  Rendered tasks/_form.html.slim (Duration: 1.1ms | Allocations: 517)
  [1m[36mTask Load (0.4ms)[0m  [1m[34mSELECT `tasks`.* FROM `tasks` WHERE `tasks`.`status` = 0[0m
  ↳ app/views/tasks/index.html.slim:10
  Rendered collection of tasks/_task.html.slim [1 times] (Duration: 1.0ms | Allocations: 634)
  Rendered tasks/index.html.slim within layouts/application (Duration: 4.7ms | Allocations: 2223)
  Rendered layout layouts/application.html.erb (Duration: 16.0ms | Allocations: 10483)
Completed 200 OK in 18ms (Views: 16.2ms | ActiveRecord: 0.4ms | Allocations: 10806)


Started GET "/tasks" for 127.0.0.1 at 2022-08-10 09:51:23 +0530
Processing by TasksController#index as HTML
  Rendering layout layouts/application.html.erb
  Rendering tasks/index.html.slim within layouts/application
  Rendered tasks/_form.html.slim (Duration: 4.1ms | Allocations: 4512)
  [1m[36mTask Load (0.3ms)[0m  [1m[34mSELECT `tasks`.* FROM `tasks` WHERE `tasks`.`status` = 0[0m
  ↳ app/views/tasks/index.html.slim:20
  Rendered collection of tasks/_task.html.slim [1 times] (Duration: 12.2ms | Allocations: 14487)
  Rendered tasks/index.html.slim within layouts/application (Duration: 27.2ms | Allocations: 27520)
  Rendered layout layouts/application.html.erb (Duration: 41.9ms | Allocations: 37548)
Completed 200 OK in 45ms (Views: 43.2ms | ActiveRecord: 0.3ms | Allocations: 38471)


Started GET "/tasks" for 127.0.0.1 at 2022-08-10 09:57:24 +0530
Processing by TasksController#index as HTML
  Rendering layout layouts/application.html.erb
  Rendering tasks/index.html.slim within layouts/application
  Rendered tasks/_form.html.slim (Duration: 4.4ms | Allocations: 4512)
  [1m[36mTask Load (0.3ms)[0m  [1m[34mSELECT `tasks`.* FROM `tasks` WHERE `tasks`.`status` = 0[0m
  ↳ app/views/tasks/index.html.slim:20
  Rendered collection of tasks/_task.html.slim [1 times] (Duration: 9.8ms | Allocations: 14961)
  Rendered tasks/index.html.slim within layouts/application (Duration: 23.9ms | Allocations: 28111)
  Rendered layout layouts/application.html.erb (Duration: 105.2ms | Allocations: 94559)
Completed 200 OK in 108ms (Views: 106.7ms | ActiveRecord: 0.5ms | Allocations: 95507)


Started PATCH "/tasks/1/change_status?task%5Bstatus%5D=complete" for 127.0.0.1 at 2022-08-10 09:57:30 +0530
Processing by TasksController#change_status as TURBO_STREAM
  Parameters: {"authenticity_token"=>"[FILTERED]", "task"=>{"status"=>"complete"}, "id"=>"1"}
  [1m[36mTask Load (0.3ms)[0m  [1m[34mSELECT `tasks`.* FROM `tasks` WHERE `tasks`.`id` = 1 LIMIT 1[0m
  ↳ app/controllers/tasks_controller.rb:99:in `set_task'
  [1m[36mTRANSACTION (0.2ms)[0m  [1m[35mBEGIN[0m
  ↳ app/controllers/tasks_controller.rb:89:in `change_status'
  [1m[36mTask Update (0.3ms)[0m  [1m[33mUPDATE `tasks` SET `tasks`.`status` = 1, `tasks`.`updated_at` = '2022-08-10 04:27:30.269064' WHERE `tasks`.`id` = 1[0m
  ↳ app/controllers/tasks_controller.rb:89:in `change_status'
  [1m[36mTRANSACTION (6.7ms)[0m  [1m[35mCOMMIT[0m
  ↳ app/controllers/tasks_controller.rb:89:in `change_status'
Completed 200 OK in 14ms (Views: 0.1ms | ActiveRecord: 7.4ms | Allocations: 3849)


Started GET "/tasks?status=complete" for 127.0.0.1 at 2022-08-10 09:57:37 +0530
Processing by TasksController#index as HTML
  Parameters: {"status"=>"complete"}
  Rendering tasks/index.html.slim
  [1m[36mTask Load (0.3ms)[0m  [1m[34mSELECT `tasks`.* FROM `tasks` WHERE `tasks`.`status` = 1[0m
  ↳ app/views/tasks/index.html.slim:20
  Rendered collection of tasks/_task.html.slim [1 times] (Duration: 0.7ms | Allocations: 406)
  Rendered tasks/index.html.slim (Duration: 3.3ms | Allocations: 1578)
Completed 200 OK in 5ms (Views: 3.7ms | ActiveRecord: 0.3ms | Allocations: 1876)


Started GET "/tasks?status=incomplete" for 127.0.0.1 at 2022-08-10 09:57:40 +0530
Processing by TasksController#index as HTML
  Parameters: {"status"=>"incomplete"}
  Rendering tasks/index.html.slim
  Rendered tasks/_form.html.slim (Duration: 1.4ms | Allocations: 507)
  [1m[36mTask Load (0.6ms)[0m  [1m[34mSELECT `tasks`.* FROM `tasks` WHERE `tasks`.`status` = 0[0m
  ↳ app/views/tasks/index.html.slim:20
  Rendered collection of templates [0 times] (Duration: 0.0ms | Allocations: 15)
  Rendered tasks/index.html.slim (Duration: 5.3ms | Allocations: 1733)
Completed 200 OK in 7ms (Views: 5.3ms | ActiveRecord: 0.6ms | Allocations: 2030)


Started POST "/tasks" for 127.0.0.1 at 2022-08-10 09:57:47 +0530
Processing by TasksController#create as TURBO_STREAM
  Parameters: {"authenticity_token"=>"[FILTERED]", "task"=>{"name"=>"abcd"}, "commit"=>"Create Task"}
  [1m[36mTRANSACTION (0.1ms)[0m  [1m[35mBEGIN[0m
  ↳ app/controllers/tasks_controller.rb:38:in `block in create'
  [1m[36mTask Create (0.3ms)[0m  [1m[32mINSERT INTO `tasks` (`name`, `status`, `created_at`, `updated_at`) VALUES ('abcd', 0, '2022-08-10 04:27:47.683334', '2022-08-10 04:27:47.683334')[0m
  ↳ app/controllers/tasks_controller.rb:38:in `block in create'
  [1m[36mTRANSACTION (5.2ms)[0m  [1m[35mCOMMIT[0m
  ↳ app/controllers/tasks_controller.rb:38:in `block in create'
  Rendered tasks/_task.html.slim (Duration: 8.1ms | Allocations: 14919)
Completed 200 OK in 18ms (Views: 0.1ms | ActiveRecord: 5.7ms | Allocations: 17430)


Started GET "/tasks?status=incomplete" for 127.0.0.1 at 2022-08-10 09:57:49 +0530
Processing by TasksController#index as HTML
  Parameters: {"status"=>"incomplete"}
  Rendering tasks/index.html.slim
  Rendered tasks/_form.html.slim (Duration: 0.8ms | Allocations: 507)
  [1m[36mTask Load (0.4ms)[0m  [1m[34mSELECT `tasks`.* FROM `tasks` WHERE `tasks`.`status` = 0[0m
  ↳ app/views/tasks/index.html.slim:20
  Rendered collection of tasks/_task.html.slim [1 times] (Duration: 1.0ms | Allocations: 654)
  Rendered tasks/index.html.slim (Duration: 4.3ms | Allocations: 2411)
Completed 200 OK in 5ms (Views: 4.3ms | ActiveRecord: 0.4ms | Allocations: 2707)


Started GET "/tasks?status=complete" for 127.0.0.1 at 2022-08-10 09:57:50 +0530
Processing by TasksController#index as HTML
  Parameters: {"status"=>"complete"}
  Rendering tasks/index.html.slim
  [1m[36mTask Load (0.3ms)[0m  [1m[34mSELECT `tasks`.* FROM `tasks` WHERE `tasks`.`status` = 1[0m
  ↳ app/views/tasks/index.html.slim:20
  Rendered collection of tasks/_task.html.slim [1 times] (Duration: 0.6ms | Allocations: 403)
  Rendered tasks/index.html.slim (Duration: 2.9ms | Allocations: 1573)
Completed 200 OK in 4ms (Views: 2.9ms | ActiveRecord: 0.3ms | Allocations: 1870)


Started GET "/tasks?status=incomplete" for 127.0.0.1 at 2022-08-10 09:57:51 +0530
Processing by TasksController#index as HTML
  Parameters: {"status"=>"incomplete"}
  Rendering tasks/index.html.slim
  Rendered tasks/_form.html.slim (Duration: 0.9ms | Allocations: 507)
  [1m[36mTask Load (0.3ms)[0m  [1m[34mSELECT `tasks`.* FROM `tasks` WHERE `tasks`.`status` = 0[0m
  ↳ app/views/tasks/index.html.slim:20
  Rendered collection of tasks/_task.html.slim [1 times] (Duration: 1.2ms | Allocations: 654)
  Rendered tasks/index.html.slim (Duration: 4.5ms | Allocations: 2430)
Completed 200 OK in 5ms (Views: 4.6ms | ActiveRecord: 0.3ms | Allocations: 2726)


Started DELETE "/tasks/2" for 127.0.0.1 at 2022-08-10 09:58:02 +0530
Processing by TasksController#destroy as TURBO_STREAM
  Parameters: {"authenticity_token"=>"[FILTERED]", "id"=>"2"}
  [1m[36mTask Load (0.4ms)[0m  [1m[34mSELECT `tasks`.* FROM `tasks` WHERE `tasks`.`id` = 2 LIMIT 1[0m
  ↳ app/controllers/tasks_controller.rb:99:in `set_task'
  [1m[36mTRANSACTION (0.2ms)[0m  [1m[35mBEGIN[0m
  ↳ app/controllers/tasks_controller.rb:81:in `destroy'
  [1m[36mTask Destroy (0.6ms)[0m  [1m[31mDELETE FROM `tasks` WHERE `tasks`.`id` = 2[0m
  ↳ app/controllers/tasks_controller.rb:81:in `destroy'
  [1m[36mTRANSACTION (4.6ms)[0m  [1m[35mCOMMIT[0m
  ↳ app/controllers/tasks_controller.rb:81:in `destroy'
Completed 200 OK in 14ms (Views: 0.1ms | ActiveRecord: 5.8ms | Allocations: 2662)


Started GET "/tasks?status=incomplete" for 127.0.0.1 at 2022-08-10 09:58:04 +0530
Processing by TasksController#index as HTML
  Parameters: {"status"=>"incomplete"}
  Rendering tasks/index.html.slim
  Rendered tasks/_form.html.slim (Duration: 0.8ms | Allocations: 507)
  [1m[36mTask Load (0.3ms)[0m  [1m[34mSELECT `tasks`.* FROM `tasks` WHERE `tasks`.`status` = 0[0m
  ↳ app/views/tasks/index.html.slim:20
  Rendered collection of templates [0 times] (Duration: 0.0ms | Allocations: 12)
  Rendered tasks/index.html.slim (Duration: 3.6ms | Allocations: 1738)
Completed 200 OK in 4ms (Views: 3.7ms | ActiveRecord: 0.3ms | Allocations: 2034)


Started GET "/tasks?status=complete" for 127.0.0.1 at 2022-08-10 09:58:05 +0530
Processing by TasksController#index as HTML
  Parameters: {"status"=>"complete"}
  Rendering tasks/index.html.slim
  [1m[36mTask Load (0.4ms)[0m  [1m[34mSELECT `tasks`.* FROM `tasks` WHERE `tasks`.`status` = 1[0m
  ↳ app/views/tasks/index.html.slim:20
  Rendered collection of tasks/_task.html.slim [1 times] (Duration: 0.6ms | Allocations: 403)
  Rendered tasks/index.html.slim (Duration: 3.6ms | Allocations: 1579)
Completed 200 OK in 5ms (Views: 3.7ms | ActiveRecord: 0.4ms | Allocations: 1875)


Started GET "/tasks?status=incomplete" for 127.0.0.1 at 2022-08-10 09:58:06 +0530
Processing by TasksController#index as HTML
  Parameters: {"status"=>"incomplete"}
  Rendering tasks/index.html.slim
  Rendered tasks/_form.html.slim (Duration: 0.8ms | Allocations: 507)
  [1m[36mTask Load (0.2ms)[0m  [1m[34mSELECT `tasks`.* FROM `tasks` WHERE `tasks`.`status` = 0[0m
  ↳ app/views/tasks/index.html.slim:20
  Rendered collection of templates [0 times] (Duration: 0.0ms | Allocations: 12)
  Rendered tasks/index.html.slim (Duration: 3.2ms | Allocations: 1720)
Completed 200 OK in 4ms (Views: 3.3ms | ActiveRecord: 0.2ms | Allocations: 2016)


Started GET "/tasks?status=complete" for 127.0.0.1 at 2022-08-10 09:58:08 +0530
Processing by TasksController#index as HTML
  Parameters: {"status"=>"complete"}
  Rendering tasks/index.html.slim
  [1m[36mTask Load (0.3ms)[0m  [1m[34mSELECT `tasks`.* FROM `tasks` WHERE `tasks`.`status` = 1[0m
  ↳ app/views/tasks/index.html.slim:20
  Rendered collection of tasks/_task.html.slim [1 times] (Duration: 0.7ms | Allocations: 403)
  Rendered tasks/index.html.slim (Duration: 2.8ms | Allocations: 1579)
Completed 200 OK in 4ms (Views: 2.8ms | ActiveRecord: 0.3ms | Allocations: 1875)


Started PATCH "/tasks/1/change_status?task%5Bstatus%5D=incomplete" for 127.0.0.1 at 2022-08-10 09:58:09 +0530
Processing by TasksController#change_status as TURBO_STREAM
  Parameters: {"authenticity_token"=>"[FILTERED]", "task"=>{"status"=>"incomplete"}, "id"=>"1"}
  [1m[36mTask Load (0.3ms)[0m  [1m[34mSELECT `tasks`.* FROM `tasks` WHERE `tasks`.`id` = 1 LIMIT 1[0m
  ↳ app/controllers/tasks_controller.rb:99:in `set_task'
  [1m[36mTRANSACTION (0.1ms)[0m  [1m[35mBEGIN[0m
  ↳ app/controllers/tasks_controller.rb:89:in `change_status'
  [1m[36mTask Update (0.8ms)[0m  [1m[33mUPDATE `tasks` SET `tasks`.`status` = 0, `tasks`.`updated_at` = '2022-08-10 04:28:09.351879' WHERE `tasks`.`id` = 1[0m
  ↳ app/controllers/tasks_controller.rb:89:in `change_status'
  [1m[36mTRANSACTION (6.2ms)[0m  [1m[35mCOMMIT[0m
  ↳ app/controllers/tasks_controller.rb:89:in `change_status'
Completed 200 OK in 14ms (Views: 0.1ms | ActiveRecord: 7.4ms | Allocations: 2939)


Started GET "/tasks?status=incomplete" for 127.0.0.1 at 2022-08-10 09:58:11 +0530
Processing by TasksController#index as HTML
  Parameters: {"status"=>"incomplete"}
  Rendering tasks/index.html.slim
  Rendered tasks/_form.html.slim (Duration: 0.8ms | Allocations: 507)
  [1m[36mTask Load (0.3ms)[0m  [1m[34mSELECT `tasks`.* FROM `tasks` WHERE `tasks`.`status` = 0[0m
  ↳ app/views/tasks/index.html.slim:20
  Rendered collection of tasks/_task.html.slim [1 times] (Duration: 0.9ms | Allocations: 654)
  Rendered tasks/index.html.slim (Duration: 4.6ms | Allocations: 2424)
Completed 200 OK in 7ms (Views: 5.1ms | ActiveRecord: 0.3ms | Allocations: 2720)


Started PATCH "/tasks/1/change_status?task%5Bstatus%5D=complete" for 127.0.0.1 at 2022-08-10 09:58:13 +0530
Processing by TasksController#change_status as TURBO_STREAM
  Parameters: {"authenticity_token"=>"[FILTERED]", "task"=>{"status"=>"complete"}, "id"=>"1"}
  [1m[36mTask Load (0.3ms)[0m  [1m[34mSELECT `tasks`.* FROM `tasks` WHERE `tasks`.`id` = 1 LIMIT 1[0m
  ↳ app/controllers/tasks_controller.rb:99:in `set_task'
  [1m[36mTRANSACTION (0.1ms)[0m  [1m[35mBEGIN[0m
  ↳ app/controllers/tasks_controller.rb:89:in `change_status'
  [1m[36mTask Update (0.3ms)[0m  [1m[33mUPDATE `tasks` SET `tasks`.`status` = 1, `tasks`.`updated_at` = '2022-08-10 04:28:13.057220' WHERE `tasks`.`id` = 1[0m
  ↳ app/controllers/tasks_controller.rb:89:in `change_status'
  [1m[36mTRANSACTION (5.4ms)[0m  [1m[35mCOMMIT[0m
  ↳ app/controllers/tasks_controller.rb:89:in `change_status'
Completed 200 OK in 11ms (Views: 0.1ms | ActiveRecord: 6.2ms | Allocations: 2956)


